[2021-08-16 15:29:03,033] {scheduler_job.py:182} INFO - Started process (PID=39) to work on /home/airflow/.local/lib/python3.6/site-packages/airflow/example_dags/example_python_operator.py
[2021-08-16 15:29:03,035] {scheduler_job.py:629} INFO - Processing file /home/airflow/.local/lib/python3.6/site-packages/airflow/example_dags/example_python_operator.py for tasks to queue
[2021-08-16 15:29:03,036] {logging_mixin.py:104} INFO - [2021-08-16 15:29:03,036] {dagbag.py:448} INFO - Filling up the DagBag from /home/airflow/.local/lib/python3.6/site-packages/airflow/example_dags/example_python_operator.py
[2021-08-16 15:29:03,054] {scheduler_job.py:639} INFO - DAG(s) dict_keys(['example_python_operator']) retrieved from /home/airflow/.local/lib/python3.6/site-packages/airflow/example_dags/example_python_operator.py
[2021-08-16 15:29:03,091] {logging_mixin.py:104} INFO - [2021-08-16 15:29:03,091] {dag.py:1818} INFO - Sync 1 DAGs
[2021-08-16 15:29:03,109] {logging_mixin.py:104} INFO - [2021-08-16 15:29:03,108] {dag.py:1837} INFO - Creating ORM DAG for example_python_operator
[2021-08-16 15:29:03,118] {logging_mixin.py:104} INFO - [2021-08-16 15:29:03,118] {dag.py:2273} INFO - Setting next_dagrun for example_python_operator to None
[2021-08-16 15:29:03,132] {scheduler_job.py:190} INFO - Processing /home/airflow/.local/lib/python3.6/site-packages/airflow/example_dags/example_python_operator.py took 0.101 seconds
[2021-08-16 15:29:33,325] {scheduler_job.py:182} INFO - Started process (PID=70) to work on /home/airflow/.local/lib/python3.6/site-packages/airflow/example_dags/example_python_operator.py
[2021-08-16 15:29:33,326] {scheduler_job.py:629} INFO - Processing file /home/airflow/.local/lib/python3.6/site-packages/airflow/example_dags/example_python_operator.py for tasks to queue
[2021-08-16 15:29:33,327] {logging_mixin.py:104} INFO - [2021-08-16 15:29:33,327] {dagbag.py:448} INFO - Filling up the DagBag from /home/airflow/.local/lib/python3.6/site-packages/airflow/example_dags/example_python_operator.py
[2021-08-16 15:29:33,336] {scheduler_job.py:639} INFO - DAG(s) dict_keys(['example_python_operator']) retrieved from /home/airflow/.local/lib/python3.6/site-packages/airflow/example_dags/example_python_operator.py
[2021-08-16 15:29:33,352] {logging_mixin.py:104} INFO - [2021-08-16 15:29:33,352] {dag.py:1818} INFO - Sync 1 DAGs
[2021-08-16 15:29:33,363] {logging_mixin.py:104} INFO - [2021-08-16 15:29:33,363] {dag.py:2273} INFO - Setting next_dagrun for example_python_operator to None
[2021-08-16 15:29:33,369] {scheduler_job.py:190} INFO - Processing /home/airflow/.local/lib/python3.6/site-packages/airflow/example_dags/example_python_operator.py took 0.046 seconds
[2021-08-16 15:30:03,536] {scheduler_job.py:182} INFO - Started process (PID=101) to work on /home/airflow/.local/lib/python3.6/site-packages/airflow/example_dags/example_python_operator.py
[2021-08-16 15:30:03,537] {scheduler_job.py:629} INFO - Processing file /home/airflow/.local/lib/python3.6/site-packages/airflow/example_dags/example_python_operator.py for tasks to queue
[2021-08-16 15:30:03,537] {logging_mixin.py:104} INFO - [2021-08-16 15:30:03,537] {dagbag.py:448} INFO - Filling up the DagBag from /home/airflow/.local/lib/python3.6/site-packages/airflow/example_dags/example_python_operator.py
[2021-08-16 15:30:03,546] {scheduler_job.py:639} INFO - DAG(s) dict_keys(['example_python_operator']) retrieved from /home/airflow/.local/lib/python3.6/site-packages/airflow/example_dags/example_python_operator.py
[2021-08-16 15:30:03,557] {logging_mixin.py:104} INFO - [2021-08-16 15:30:03,557] {dag.py:1818} INFO - Sync 1 DAGs
[2021-08-16 15:30:03,566] {logging_mixin.py:104} INFO - [2021-08-16 15:30:03,566] {dag.py:2273} INFO - Setting next_dagrun for example_python_operator to None
[2021-08-16 15:30:03,572] {scheduler_job.py:190} INFO - Processing /home/airflow/.local/lib/python3.6/site-packages/airflow/example_dags/example_python_operator.py took 0.039 seconds
[2021-08-16 15:30:34,020] {scheduler_job.py:182} INFO - Started process (PID=128) to work on /home/airflow/.local/lib/python3.6/site-packages/airflow/example_dags/example_python_operator.py
[2021-08-16 15:30:34,021] {scheduler_job.py:629} INFO - Processing file /home/airflow/.local/lib/python3.6/site-packages/airflow/example_dags/example_python_operator.py for tasks to queue
[2021-08-16 15:30:34,022] {logging_mixin.py:104} INFO - [2021-08-16 15:30:34,022] {dagbag.py:448} INFO - Filling up the DagBag from /home/airflow/.local/lib/python3.6/site-packages/airflow/example_dags/example_python_operator.py
[2021-08-16 15:30:34,031] {scheduler_job.py:639} INFO - DAG(s) dict_keys(['example_python_operator']) retrieved from /home/airflow/.local/lib/python3.6/site-packages/airflow/example_dags/example_python_operator.py
[2021-08-16 15:30:34,054] {logging_mixin.py:104} INFO - [2021-08-16 15:30:34,053] {dag.py:1818} INFO - Sync 1 DAGs
[2021-08-16 15:30:34,067] {logging_mixin.py:104} INFO - [2021-08-16 15:30:34,067] {dag.py:2273} INFO - Setting next_dagrun for example_python_operator to None
[2021-08-16 15:30:34,076] {scheduler_job.py:190} INFO - Processing /home/airflow/.local/lib/python3.6/site-packages/airflow/example_dags/example_python_operator.py took 0.058 seconds
[2021-08-16 15:31:04,342] {scheduler_job.py:182} INFO - Started process (PID=161) to work on /home/airflow/.local/lib/python3.6/site-packages/airflow/example_dags/example_python_operator.py
[2021-08-16 15:31:04,343] {scheduler_job.py:629} INFO - Processing file /home/airflow/.local/lib/python3.6/site-packages/airflow/example_dags/example_python_operator.py for tasks to queue
[2021-08-16 15:31:04,344] {logging_mixin.py:104} INFO - [2021-08-16 15:31:04,344] {dagbag.py:448} INFO - Filling up the DagBag from /home/airflow/.local/lib/python3.6/site-packages/airflow/example_dags/example_python_operator.py
[2021-08-16 15:31:04,352] {scheduler_job.py:639} INFO - DAG(s) dict_keys(['example_python_operator']) retrieved from /home/airflow/.local/lib/python3.6/site-packages/airflow/example_dags/example_python_operator.py
[2021-08-16 15:31:04,369] {logging_mixin.py:104} INFO - [2021-08-16 15:31:04,369] {dag.py:1818} INFO - Sync 1 DAGs
[2021-08-16 15:31:04,379] {logging_mixin.py:104} INFO - [2021-08-16 15:31:04,379] {dag.py:2273} INFO - Setting next_dagrun for example_python_operator to None
[2021-08-16 15:31:04,389] {scheduler_job.py:190} INFO - Processing /home/airflow/.local/lib/python3.6/site-packages/airflow/example_dags/example_python_operator.py took 0.048 seconds
[2021-08-16 15:31:34,580] {scheduler_job.py:182} INFO - Started process (PID=191) to work on /home/airflow/.local/lib/python3.6/site-packages/airflow/example_dags/example_python_operator.py
[2021-08-16 15:31:34,581] {scheduler_job.py:629} INFO - Processing file /home/airflow/.local/lib/python3.6/site-packages/airflow/example_dags/example_python_operator.py for tasks to queue
[2021-08-16 15:31:34,582] {logging_mixin.py:104} INFO - [2021-08-16 15:31:34,582] {dagbag.py:448} INFO - Filling up the DagBag from /home/airflow/.local/lib/python3.6/site-packages/airflow/example_dags/example_python_operator.py
[2021-08-16 15:31:34,593] {scheduler_job.py:639} INFO - DAG(s) dict_keys(['example_python_operator']) retrieved from /home/airflow/.local/lib/python3.6/site-packages/airflow/example_dags/example_python_operator.py
[2021-08-16 15:31:34,607] {logging_mixin.py:104} INFO - [2021-08-16 15:31:34,607] {dag.py:1818} INFO - Sync 1 DAGs
[2021-08-16 15:31:34,627] {logging_mixin.py:104} INFO - [2021-08-16 15:31:34,627] {dag.py:2273} INFO - Setting next_dagrun for example_python_operator to None
[2021-08-16 15:31:34,634] {scheduler_job.py:190} INFO - Processing /home/airflow/.local/lib/python3.6/site-packages/airflow/example_dags/example_python_operator.py took 0.056 seconds
