[2021-08-16 15:29:02,676] {scheduler_job.py:182} INFO - Started process (PID=35) to work on /home/airflow/.local/lib/python3.6/site-packages/airflow/example_dags/example_nested_branch_dag.py
[2021-08-16 15:29:02,678] {scheduler_job.py:629} INFO - Processing file /home/airflow/.local/lib/python3.6/site-packages/airflow/example_dags/example_nested_branch_dag.py for tasks to queue
[2021-08-16 15:29:02,679] {logging_mixin.py:104} INFO - [2021-08-16 15:29:02,678] {dagbag.py:448} INFO - Filling up the DagBag from /home/airflow/.local/lib/python3.6/site-packages/airflow/example_dags/example_nested_branch_dag.py
[2021-08-16 15:29:02,712] {scheduler_job.py:639} INFO - DAG(s) dict_keys(['example_nested_branch_dag']) retrieved from /home/airflow/.local/lib/python3.6/site-packages/airflow/example_dags/example_nested_branch_dag.py
[2021-08-16 15:29:02,764] {logging_mixin.py:104} INFO - [2021-08-16 15:29:02,764] {dag.py:1818} INFO - Sync 1 DAGs
[2021-08-16 15:29:02,786] {logging_mixin.py:104} INFO - [2021-08-16 15:29:02,786] {dag.py:1837} INFO - Creating ORM DAG for example_nested_branch_dag
[2021-08-16 15:29:02,811] {logging_mixin.py:104} INFO - [2021-08-16 15:29:02,811] {dag.py:2273} INFO - Setting next_dagrun for example_nested_branch_dag to 2021-08-14 00:00:00+00:00
[2021-08-16 15:29:02,841] {scheduler_job.py:190} INFO - Processing /home/airflow/.local/lib/python3.6/site-packages/airflow/example_dags/example_nested_branch_dag.py took 0.167 seconds
[2021-08-16 15:29:33,113] {scheduler_job.py:182} INFO - Started process (PID=67) to work on /home/airflow/.local/lib/python3.6/site-packages/airflow/example_dags/example_nested_branch_dag.py
[2021-08-16 15:29:33,114] {scheduler_job.py:629} INFO - Processing file /home/airflow/.local/lib/python3.6/site-packages/airflow/example_dags/example_nested_branch_dag.py for tasks to queue
[2021-08-16 15:29:33,115] {logging_mixin.py:104} INFO - [2021-08-16 15:29:33,115] {dagbag.py:448} INFO - Filling up the DagBag from /home/airflow/.local/lib/python3.6/site-packages/airflow/example_dags/example_nested_branch_dag.py
[2021-08-16 15:29:33,126] {scheduler_job.py:639} INFO - DAG(s) dict_keys(['example_nested_branch_dag']) retrieved from /home/airflow/.local/lib/python3.6/site-packages/airflow/example_dags/example_nested_branch_dag.py
[2021-08-16 15:29:33,141] {logging_mixin.py:104} INFO - [2021-08-16 15:29:33,141] {dag.py:1818} INFO - Sync 1 DAGs
[2021-08-16 15:29:33,154] {logging_mixin.py:104} INFO - [2021-08-16 15:29:33,154] {dag.py:2273} INFO - Setting next_dagrun for example_nested_branch_dag to 2021-08-14 00:00:00+00:00
[2021-08-16 15:29:33,161] {scheduler_job.py:190} INFO - Processing /home/airflow/.local/lib/python3.6/site-packages/airflow/example_dags/example_nested_branch_dag.py took 0.050 seconds
[2021-08-16 15:30:03,458] {scheduler_job.py:182} INFO - Started process (PID=98) to work on /home/airflow/.local/lib/python3.6/site-packages/airflow/example_dags/example_nested_branch_dag.py
[2021-08-16 15:30:03,458] {scheduler_job.py:629} INFO - Processing file /home/airflow/.local/lib/python3.6/site-packages/airflow/example_dags/example_nested_branch_dag.py for tasks to queue
[2021-08-16 15:30:03,459] {logging_mixin.py:104} INFO - [2021-08-16 15:30:03,459] {dagbag.py:448} INFO - Filling up the DagBag from /home/airflow/.local/lib/python3.6/site-packages/airflow/example_dags/example_nested_branch_dag.py
[2021-08-16 15:30:03,468] {scheduler_job.py:639} INFO - DAG(s) dict_keys(['example_nested_branch_dag']) retrieved from /home/airflow/.local/lib/python3.6/site-packages/airflow/example_dags/example_nested_branch_dag.py
[2021-08-16 15:30:03,480] {logging_mixin.py:104} INFO - [2021-08-16 15:30:03,480] {dag.py:1818} INFO - Sync 1 DAGs
[2021-08-16 15:30:03,493] {logging_mixin.py:104} INFO - [2021-08-16 15:30:03,493] {dag.py:2273} INFO - Setting next_dagrun for example_nested_branch_dag to 2021-08-14 00:00:00+00:00
[2021-08-16 15:30:03,505] {scheduler_job.py:190} INFO - Processing /home/airflow/.local/lib/python3.6/site-packages/airflow/example_dags/example_nested_branch_dag.py took 0.050 seconds
[2021-08-16 15:30:34,292] {scheduler_job.py:182} INFO - Started process (PID=136) to work on /home/airflow/.local/lib/python3.6/site-packages/airflow/example_dags/example_nested_branch_dag.py
[2021-08-16 15:30:34,293] {scheduler_job.py:629} INFO - Processing file /home/airflow/.local/lib/python3.6/site-packages/airflow/example_dags/example_nested_branch_dag.py for tasks to queue
[2021-08-16 15:30:34,294] {logging_mixin.py:104} INFO - [2021-08-16 15:30:34,294] {dagbag.py:448} INFO - Filling up the DagBag from /home/airflow/.local/lib/python3.6/site-packages/airflow/example_dags/example_nested_branch_dag.py
[2021-08-16 15:30:34,317] {scheduler_job.py:639} INFO - DAG(s) dict_keys(['example_nested_branch_dag']) retrieved from /home/airflow/.local/lib/python3.6/site-packages/airflow/example_dags/example_nested_branch_dag.py
[2021-08-16 15:30:34,331] {logging_mixin.py:104} INFO - [2021-08-16 15:30:34,331] {dag.py:1818} INFO - Sync 1 DAGs
[2021-08-16 15:30:34,349] {logging_mixin.py:104} INFO - [2021-08-16 15:30:34,349] {dag.py:2273} INFO - Setting next_dagrun for example_nested_branch_dag to 2021-08-14 00:00:00+00:00
[2021-08-16 15:30:34,356] {scheduler_job.py:190} INFO - Processing /home/airflow/.local/lib/python3.6/site-packages/airflow/example_dags/example_nested_branch_dag.py took 0.066 seconds
[2021-08-16 15:31:04,535] {scheduler_job.py:182} INFO - Started process (PID=167) to work on /home/airflow/.local/lib/python3.6/site-packages/airflow/example_dags/example_nested_branch_dag.py
[2021-08-16 15:31:04,536] {scheduler_job.py:629} INFO - Processing file /home/airflow/.local/lib/python3.6/site-packages/airflow/example_dags/example_nested_branch_dag.py for tasks to queue
[2021-08-16 15:31:04,537] {logging_mixin.py:104} INFO - [2021-08-16 15:31:04,537] {dagbag.py:448} INFO - Filling up the DagBag from /home/airflow/.local/lib/python3.6/site-packages/airflow/example_dags/example_nested_branch_dag.py
[2021-08-16 15:31:04,547] {scheduler_job.py:639} INFO - DAG(s) dict_keys(['example_nested_branch_dag']) retrieved from /home/airflow/.local/lib/python3.6/site-packages/airflow/example_dags/example_nested_branch_dag.py
[2021-08-16 15:31:04,558] {logging_mixin.py:104} INFO - [2021-08-16 15:31:04,558] {dag.py:1818} INFO - Sync 1 DAGs
[2021-08-16 15:31:04,570] {logging_mixin.py:104} INFO - [2021-08-16 15:31:04,570] {dag.py:2273} INFO - Setting next_dagrun for example_nested_branch_dag to 2021-08-14 00:00:00+00:00
[2021-08-16 15:31:04,577] {scheduler_job.py:190} INFO - Processing /home/airflow/.local/lib/python3.6/site-packages/airflow/example_dags/example_nested_branch_dag.py took 0.045 seconds
[2021-08-16 15:31:34,871] {scheduler_job.py:182} INFO - Started process (PID=199) to work on /home/airflow/.local/lib/python3.6/site-packages/airflow/example_dags/example_nested_branch_dag.py
[2021-08-16 15:31:34,876] {scheduler_job.py:629} INFO - Processing file /home/airflow/.local/lib/python3.6/site-packages/airflow/example_dags/example_nested_branch_dag.py for tasks to queue
[2021-08-16 15:31:34,876] {logging_mixin.py:104} INFO - [2021-08-16 15:31:34,876] {dagbag.py:448} INFO - Filling up the DagBag from /home/airflow/.local/lib/python3.6/site-packages/airflow/example_dags/example_nested_branch_dag.py
[2021-08-16 15:31:34,887] {scheduler_job.py:639} INFO - DAG(s) dict_keys(['example_nested_branch_dag']) retrieved from /home/airflow/.local/lib/python3.6/site-packages/airflow/example_dags/example_nested_branch_dag.py
[2021-08-16 15:31:34,901] {logging_mixin.py:104} INFO - [2021-08-16 15:31:34,901] {dag.py:1818} INFO - Sync 1 DAGs
[2021-08-16 15:31:34,915] {logging_mixin.py:104} INFO - [2021-08-16 15:31:34,915] {dag.py:2273} INFO - Setting next_dagrun for example_nested_branch_dag to 2021-08-14 00:00:00+00:00
[2021-08-16 15:31:34,921] {scheduler_job.py:190} INFO - Processing /home/airflow/.local/lib/python3.6/site-packages/airflow/example_dags/example_nested_branch_dag.py took 0.052 seconds
