[2021-08-16 15:29:01,765] {scheduler_job.py:182} INFO - Started process (PID=29) to work on /home/airflow/.local/lib/python3.6/site-packages/airflow/example_dags/example_skip_dag.py
[2021-08-16 15:29:01,766] {scheduler_job.py:629} INFO - Processing file /home/airflow/.local/lib/python3.6/site-packages/airflow/example_dags/example_skip_dag.py for tasks to queue
[2021-08-16 15:29:01,767] {logging_mixin.py:104} INFO - [2021-08-16 15:29:01,767] {dagbag.py:448} INFO - Filling up the DagBag from /home/airflow/.local/lib/python3.6/site-packages/airflow/example_dags/example_skip_dag.py
[2021-08-16 15:29:01,785] {scheduler_job.py:639} INFO - DAG(s) dict_keys(['example_skip_dag']) retrieved from /home/airflow/.local/lib/python3.6/site-packages/airflow/example_dags/example_skip_dag.py
[2021-08-16 15:29:01,827] {logging_mixin.py:104} INFO - [2021-08-16 15:29:01,827] {dag.py:1818} INFO - Sync 1 DAGs
[2021-08-16 15:29:01,849] {logging_mixin.py:104} INFO - [2021-08-16 15:29:01,849] {dag.py:1837} INFO - Creating ORM DAG for example_skip_dag
[2021-08-16 15:29:01,863] {logging_mixin.py:104} INFO - [2021-08-16 15:29:01,863] {dag.py:2273} INFO - Setting next_dagrun for example_skip_dag to 2021-08-14 00:00:00+00:00
[2021-08-16 15:29:01,878] {scheduler_job.py:190} INFO - Processing /home/airflow/.local/lib/python3.6/site-packages/airflow/example_dags/example_skip_dag.py took 0.116 seconds
[2021-08-16 15:29:32,757] {scheduler_job.py:182} INFO - Started process (PID=61) to work on /home/airflow/.local/lib/python3.6/site-packages/airflow/example_dags/example_skip_dag.py
[2021-08-16 15:29:32,758] {scheduler_job.py:629} INFO - Processing file /home/airflow/.local/lib/python3.6/site-packages/airflow/example_dags/example_skip_dag.py for tasks to queue
[2021-08-16 15:29:32,759] {logging_mixin.py:104} INFO - [2021-08-16 15:29:32,759] {dagbag.py:448} INFO - Filling up the DagBag from /home/airflow/.local/lib/python3.6/site-packages/airflow/example_dags/example_skip_dag.py
[2021-08-16 15:29:32,768] {scheduler_job.py:639} INFO - DAG(s) dict_keys(['example_skip_dag']) retrieved from /home/airflow/.local/lib/python3.6/site-packages/airflow/example_dags/example_skip_dag.py
[2021-08-16 15:29:32,781] {logging_mixin.py:104} INFO - [2021-08-16 15:29:32,781] {dag.py:1818} INFO - Sync 1 DAGs
[2021-08-16 15:29:32,790] {logging_mixin.py:104} INFO - [2021-08-16 15:29:32,790] {dag.py:2273} INFO - Setting next_dagrun for example_skip_dag to 2021-08-14 00:00:00+00:00
[2021-08-16 15:29:32,798] {scheduler_job.py:190} INFO - Processing /home/airflow/.local/lib/python3.6/site-packages/airflow/example_dags/example_skip_dag.py took 0.042 seconds
[2021-08-16 15:30:03,213] {scheduler_job.py:182} INFO - Started process (PID=91) to work on /home/airflow/.local/lib/python3.6/site-packages/airflow/example_dags/example_skip_dag.py
[2021-08-16 15:30:03,214] {scheduler_job.py:629} INFO - Processing file /home/airflow/.local/lib/python3.6/site-packages/airflow/example_dags/example_skip_dag.py for tasks to queue
[2021-08-16 15:30:03,214] {logging_mixin.py:104} INFO - [2021-08-16 15:30:03,214] {dagbag.py:448} INFO - Filling up the DagBag from /home/airflow/.local/lib/python3.6/site-packages/airflow/example_dags/example_skip_dag.py
[2021-08-16 15:30:03,221] {scheduler_job.py:639} INFO - DAG(s) dict_keys(['example_skip_dag']) retrieved from /home/airflow/.local/lib/python3.6/site-packages/airflow/example_dags/example_skip_dag.py
[2021-08-16 15:30:03,234] {logging_mixin.py:104} INFO - [2021-08-16 15:30:03,234] {dag.py:1818} INFO - Sync 1 DAGs
[2021-08-16 15:30:03,244] {logging_mixin.py:104} INFO - [2021-08-16 15:30:03,244] {dag.py:2273} INFO - Setting next_dagrun for example_skip_dag to 2021-08-14 00:00:00+00:00
[2021-08-16 15:30:03,250] {scheduler_job.py:190} INFO - Processing /home/airflow/.local/lib/python3.6/site-packages/airflow/example_dags/example_skip_dag.py took 0.039 seconds
[2021-08-16 15:30:33,711] {scheduler_job.py:182} INFO - Started process (PID=122) to work on /home/airflow/.local/lib/python3.6/site-packages/airflow/example_dags/example_skip_dag.py
[2021-08-16 15:30:33,712] {scheduler_job.py:629} INFO - Processing file /home/airflow/.local/lib/python3.6/site-packages/airflow/example_dags/example_skip_dag.py for tasks to queue
[2021-08-16 15:30:33,714] {logging_mixin.py:104} INFO - [2021-08-16 15:30:33,713] {dagbag.py:448} INFO - Filling up the DagBag from /home/airflow/.local/lib/python3.6/site-packages/airflow/example_dags/example_skip_dag.py
[2021-08-16 15:30:33,731] {scheduler_job.py:639} INFO - DAG(s) dict_keys(['example_skip_dag']) retrieved from /home/airflow/.local/lib/python3.6/site-packages/airflow/example_dags/example_skip_dag.py
[2021-08-16 15:30:33,749] {logging_mixin.py:104} INFO - [2021-08-16 15:30:33,749] {dag.py:1818} INFO - Sync 1 DAGs
[2021-08-16 15:30:33,765] {logging_mixin.py:104} INFO - [2021-08-16 15:30:33,765] {dag.py:2273} INFO - Setting next_dagrun for example_skip_dag to 2021-08-14 00:00:00+00:00
[2021-08-16 15:30:33,775] {scheduler_job.py:190} INFO - Processing /home/airflow/.local/lib/python3.6/site-packages/airflow/example_dags/example_skip_dag.py took 0.066 seconds
[2021-08-16 15:31:04,048] {scheduler_job.py:182} INFO - Started process (PID=153) to work on /home/airflow/.local/lib/python3.6/site-packages/airflow/example_dags/example_skip_dag.py
[2021-08-16 15:31:04,049] {scheduler_job.py:629} INFO - Processing file /home/airflow/.local/lib/python3.6/site-packages/airflow/example_dags/example_skip_dag.py for tasks to queue
[2021-08-16 15:31:04,050] {logging_mixin.py:104} INFO - [2021-08-16 15:31:04,050] {dagbag.py:448} INFO - Filling up the DagBag from /home/airflow/.local/lib/python3.6/site-packages/airflow/example_dags/example_skip_dag.py
[2021-08-16 15:31:04,057] {scheduler_job.py:639} INFO - DAG(s) dict_keys(['example_skip_dag']) retrieved from /home/airflow/.local/lib/python3.6/site-packages/airflow/example_dags/example_skip_dag.py
[2021-08-16 15:31:04,071] {logging_mixin.py:104} INFO - [2021-08-16 15:31:04,071] {dag.py:1818} INFO - Sync 1 DAGs
[2021-08-16 15:31:04,082] {logging_mixin.py:104} INFO - [2021-08-16 15:31:04,082] {dag.py:2273} INFO - Setting next_dagrun for example_skip_dag to 2021-08-14 00:00:00+00:00
[2021-08-16 15:31:04,092] {scheduler_job.py:190} INFO - Processing /home/airflow/.local/lib/python3.6/site-packages/airflow/example_dags/example_skip_dag.py took 0.046 seconds
[2021-08-16 15:31:34,475] {scheduler_job.py:182} INFO - Started process (PID=188) to work on /home/airflow/.local/lib/python3.6/site-packages/airflow/example_dags/example_skip_dag.py
[2021-08-16 15:31:34,476] {scheduler_job.py:629} INFO - Processing file /home/airflow/.local/lib/python3.6/site-packages/airflow/example_dags/example_skip_dag.py for tasks to queue
[2021-08-16 15:31:34,477] {logging_mixin.py:104} INFO - [2021-08-16 15:31:34,477] {dagbag.py:448} INFO - Filling up the DagBag from /home/airflow/.local/lib/python3.6/site-packages/airflow/example_dags/example_skip_dag.py
[2021-08-16 15:31:34,485] {scheduler_job.py:639} INFO - DAG(s) dict_keys(['example_skip_dag']) retrieved from /home/airflow/.local/lib/python3.6/site-packages/airflow/example_dags/example_skip_dag.py
[2021-08-16 15:31:34,499] {logging_mixin.py:104} INFO - [2021-08-16 15:31:34,499] {dag.py:1818} INFO - Sync 1 DAGs
[2021-08-16 15:31:34,513] {logging_mixin.py:104} INFO - [2021-08-16 15:31:34,513] {dag.py:2273} INFO - Setting next_dagrun for example_skip_dag to 2021-08-14 00:00:00+00:00
[2021-08-16 15:31:34,521] {scheduler_job.py:190} INFO - Processing /home/airflow/.local/lib/python3.6/site-packages/airflow/example_dags/example_skip_dag.py took 0.048 seconds
