[2021-08-16 15:29:03,327] {scheduler_job.py:182} INFO - Started process (PID=43) to work on /home/airflow/.local/lib/python3.6/site-packages/airflow/example_dags/example_short_circuit_operator.py
[2021-08-16 15:29:03,328] {scheduler_job.py:629} INFO - Processing file /home/airflow/.local/lib/python3.6/site-packages/airflow/example_dags/example_short_circuit_operator.py for tasks to queue
[2021-08-16 15:29:03,329] {logging_mixin.py:104} INFO - [2021-08-16 15:29:03,329] {dagbag.py:448} INFO - Filling up the DagBag from /home/airflow/.local/lib/python3.6/site-packages/airflow/example_dags/example_short_circuit_operator.py
[2021-08-16 15:29:03,354] {scheduler_job.py:639} INFO - DAG(s) dict_keys(['example_short_circuit_operator']) retrieved from /home/airflow/.local/lib/python3.6/site-packages/airflow/example_dags/example_short_circuit_operator.py
[2021-08-16 15:29:03,391] {logging_mixin.py:104} INFO - [2021-08-16 15:29:03,391] {dag.py:1818} INFO - Sync 1 DAGs
[2021-08-16 15:29:03,401] {logging_mixin.py:104} INFO - [2021-08-16 15:29:03,401] {dag.py:1837} INFO - Creating ORM DAG for example_short_circuit_operator
[2021-08-16 15:29:03,410] {logging_mixin.py:104} INFO - [2021-08-16 15:29:03,410] {dag.py:2273} INFO - Setting next_dagrun for example_short_circuit_operator to 2021-08-14 00:00:00+00:00
[2021-08-16 15:29:03,423] {scheduler_job.py:190} INFO - Processing /home/airflow/.local/lib/python3.6/site-packages/airflow/example_dags/example_short_circuit_operator.py took 0.099 seconds
[2021-08-16 15:29:33,470] {scheduler_job.py:182} INFO - Started process (PID=72) to work on /home/airflow/.local/lib/python3.6/site-packages/airflow/example_dags/example_short_circuit_operator.py
[2021-08-16 15:29:33,471] {scheduler_job.py:629} INFO - Processing file /home/airflow/.local/lib/python3.6/site-packages/airflow/example_dags/example_short_circuit_operator.py for tasks to queue
[2021-08-16 15:29:33,472] {logging_mixin.py:104} INFO - [2021-08-16 15:29:33,472] {dagbag.py:448} INFO - Filling up the DagBag from /home/airflow/.local/lib/python3.6/site-packages/airflow/example_dags/example_short_circuit_operator.py
[2021-08-16 15:29:33,482] {scheduler_job.py:639} INFO - DAG(s) dict_keys(['example_short_circuit_operator']) retrieved from /home/airflow/.local/lib/python3.6/site-packages/airflow/example_dags/example_short_circuit_operator.py
[2021-08-16 15:29:33,500] {logging_mixin.py:104} INFO - [2021-08-16 15:29:33,500] {dag.py:1818} INFO - Sync 1 DAGs
[2021-08-16 15:29:33,513] {logging_mixin.py:104} INFO - [2021-08-16 15:29:33,513] {dag.py:2273} INFO - Setting next_dagrun for example_short_circuit_operator to 2021-08-14 00:00:00+00:00
[2021-08-16 15:29:33,522] {scheduler_job.py:190} INFO - Processing /home/airflow/.local/lib/python3.6/site-packages/airflow/example_dags/example_short_circuit_operator.py took 0.053 seconds
[2021-08-16 15:30:03,652] {scheduler_job.py:182} INFO - Started process (PID=103) to work on /home/airflow/.local/lib/python3.6/site-packages/airflow/example_dags/example_short_circuit_operator.py
[2021-08-16 15:30:03,653] {scheduler_job.py:629} INFO - Processing file /home/airflow/.local/lib/python3.6/site-packages/airflow/example_dags/example_short_circuit_operator.py for tasks to queue
[2021-08-16 15:30:03,654] {logging_mixin.py:104} INFO - [2021-08-16 15:30:03,654] {dagbag.py:448} INFO - Filling up the DagBag from /home/airflow/.local/lib/python3.6/site-packages/airflow/example_dags/example_short_circuit_operator.py
[2021-08-16 15:30:03,662] {scheduler_job.py:639} INFO - DAG(s) dict_keys(['example_short_circuit_operator']) retrieved from /home/airflow/.local/lib/python3.6/site-packages/airflow/example_dags/example_short_circuit_operator.py
[2021-08-16 15:30:03,676] {logging_mixin.py:104} INFO - [2021-08-16 15:30:03,675] {dag.py:1818} INFO - Sync 1 DAGs
[2021-08-16 15:30:03,684] {logging_mixin.py:104} INFO - [2021-08-16 15:30:03,684] {dag.py:2273} INFO - Setting next_dagrun for example_short_circuit_operator to 2021-08-14 00:00:00+00:00
[2021-08-16 15:30:03,690] {scheduler_job.py:190} INFO - Processing /home/airflow/.local/lib/python3.6/site-packages/airflow/example_dags/example_short_circuit_operator.py took 0.039 seconds
[2021-08-16 15:30:34,134] {scheduler_job.py:182} INFO - Started process (PID=132) to work on /home/airflow/.local/lib/python3.6/site-packages/airflow/example_dags/example_short_circuit_operator.py
[2021-08-16 15:30:34,135] {scheduler_job.py:629} INFO - Processing file /home/airflow/.local/lib/python3.6/site-packages/airflow/example_dags/example_short_circuit_operator.py for tasks to queue
[2021-08-16 15:30:34,136] {logging_mixin.py:104} INFO - [2021-08-16 15:30:34,135] {dagbag.py:448} INFO - Filling up the DagBag from /home/airflow/.local/lib/python3.6/site-packages/airflow/example_dags/example_short_circuit_operator.py
[2021-08-16 15:30:34,146] {scheduler_job.py:639} INFO - DAG(s) dict_keys(['example_short_circuit_operator']) retrieved from /home/airflow/.local/lib/python3.6/site-packages/airflow/example_dags/example_short_circuit_operator.py
[2021-08-16 15:30:34,165] {logging_mixin.py:104} INFO - [2021-08-16 15:30:34,165] {dag.py:1818} INFO - Sync 1 DAGs
[2021-08-16 15:30:34,179] {logging_mixin.py:104} INFO - [2021-08-16 15:30:34,179] {dag.py:2273} INFO - Setting next_dagrun for example_short_circuit_operator to 2021-08-14 00:00:00+00:00
[2021-08-16 15:30:34,187] {scheduler_job.py:190} INFO - Processing /home/airflow/.local/lib/python3.6/site-packages/airflow/example_dags/example_short_circuit_operator.py took 0.055 seconds
[2021-08-16 15:31:04,286] {scheduler_job.py:182} INFO - Started process (PID=159) to work on /home/airflow/.local/lib/python3.6/site-packages/airflow/example_dags/example_short_circuit_operator.py
[2021-08-16 15:31:04,287] {scheduler_job.py:629} INFO - Processing file /home/airflow/.local/lib/python3.6/site-packages/airflow/example_dags/example_short_circuit_operator.py for tasks to queue
[2021-08-16 15:31:04,288] {logging_mixin.py:104} INFO - [2021-08-16 15:31:04,287] {dagbag.py:448} INFO - Filling up the DagBag from /home/airflow/.local/lib/python3.6/site-packages/airflow/example_dags/example_short_circuit_operator.py
[2021-08-16 15:31:04,295] {scheduler_job.py:639} INFO - DAG(s) dict_keys(['example_short_circuit_operator']) retrieved from /home/airflow/.local/lib/python3.6/site-packages/airflow/example_dags/example_short_circuit_operator.py
[2021-08-16 15:31:04,307] {logging_mixin.py:104} INFO - [2021-08-16 15:31:04,307] {dag.py:1818} INFO - Sync 1 DAGs
[2021-08-16 15:31:04,316] {logging_mixin.py:104} INFO - [2021-08-16 15:31:04,315] {dag.py:2273} INFO - Setting next_dagrun for example_short_circuit_operator to 2021-08-14 00:00:00+00:00
[2021-08-16 15:31:04,322] {scheduler_job.py:190} INFO - Processing /home/airflow/.local/lib/python3.6/site-packages/airflow/example_dags/example_short_circuit_operator.py took 0.038 seconds
[2021-08-16 15:31:34,509] {scheduler_job.py:182} INFO - Started process (PID=189) to work on /home/airflow/.local/lib/python3.6/site-packages/airflow/example_dags/example_short_circuit_operator.py
[2021-08-16 15:31:34,511] {scheduler_job.py:629} INFO - Processing file /home/airflow/.local/lib/python3.6/site-packages/airflow/example_dags/example_short_circuit_operator.py for tasks to queue
[2021-08-16 15:31:34,512] {logging_mixin.py:104} INFO - [2021-08-16 15:31:34,512] {dagbag.py:448} INFO - Filling up the DagBag from /home/airflow/.local/lib/python3.6/site-packages/airflow/example_dags/example_short_circuit_operator.py
[2021-08-16 15:31:34,522] {scheduler_job.py:639} INFO - DAG(s) dict_keys(['example_short_circuit_operator']) retrieved from /home/airflow/.local/lib/python3.6/site-packages/airflow/example_dags/example_short_circuit_operator.py
[2021-08-16 15:31:34,543] {logging_mixin.py:104} INFO - [2021-08-16 15:31:34,543] {dag.py:1818} INFO - Sync 1 DAGs
[2021-08-16 15:31:34,554] {logging_mixin.py:104} INFO - [2021-08-16 15:31:34,554] {dag.py:2273} INFO - Setting next_dagrun for example_short_circuit_operator to 2021-08-14 00:00:00+00:00
[2021-08-16 15:31:34,561] {scheduler_job.py:190} INFO - Processing /home/airflow/.local/lib/python3.6/site-packages/airflow/example_dags/example_short_circuit_operator.py took 0.054 seconds
