[2021-08-16 15:29:02,868] {scheduler_job.py:182} INFO - Started process (PID=37) to work on /home/airflow/.local/lib/python3.6/site-packages/airflow/example_dags/example_dag_decorator.py
[2021-08-16 15:29:02,869] {scheduler_job.py:629} INFO - Processing file /home/airflow/.local/lib/python3.6/site-packages/airflow/example_dags/example_dag_decorator.py for tasks to queue
[2021-08-16 15:29:02,870] {logging_mixin.py:104} INFO - [2021-08-16 15:29:02,870] {dagbag.py:448} INFO - Filling up the DagBag from /home/airflow/.local/lib/python3.6/site-packages/airflow/example_dags/example_dag_decorator.py
[2021-08-16 15:29:02,904] {scheduler_job.py:639} INFO - DAG(s) dict_keys(['example_dag_decorator']) retrieved from /home/airflow/.local/lib/python3.6/site-packages/airflow/example_dags/example_dag_decorator.py
[2021-08-16 15:29:02,947] {logging_mixin.py:104} INFO - [2021-08-16 15:29:02,947] {dag.py:1818} INFO - Sync 1 DAGs
[2021-08-16 15:29:02,962] {logging_mixin.py:104} INFO - [2021-08-16 15:29:02,962] {dag.py:1837} INFO - Creating ORM DAG for example_dag_decorator
[2021-08-16 15:29:02,970] {logging_mixin.py:104} INFO - [2021-08-16 15:29:02,970] {dag.py:2273} INFO - Setting next_dagrun for example_dag_decorator to None
[2021-08-16 15:29:02,989] {scheduler_job.py:190} INFO - Processing /home/airflow/.local/lib/python3.6/site-packages/airflow/example_dags/example_dag_decorator.py took 0.125 seconds
[2021-08-16 15:29:33,038] {scheduler_job.py:182} INFO - Started process (PID=66) to work on /home/airflow/.local/lib/python3.6/site-packages/airflow/example_dags/example_dag_decorator.py
[2021-08-16 15:29:33,039] {scheduler_job.py:629} INFO - Processing file /home/airflow/.local/lib/python3.6/site-packages/airflow/example_dags/example_dag_decorator.py for tasks to queue
[2021-08-16 15:29:33,046] {logging_mixin.py:104} INFO - [2021-08-16 15:29:33,045] {dagbag.py:448} INFO - Filling up the DagBag from /home/airflow/.local/lib/python3.6/site-packages/airflow/example_dags/example_dag_decorator.py
[2021-08-16 15:29:33,059] {scheduler_job.py:639} INFO - DAG(s) dict_keys(['example_dag_decorator']) retrieved from /home/airflow/.local/lib/python3.6/site-packages/airflow/example_dags/example_dag_decorator.py
[2021-08-16 15:29:33,073] {logging_mixin.py:104} INFO - [2021-08-16 15:29:33,073] {dag.py:1818} INFO - Sync 1 DAGs
[2021-08-16 15:29:33,084] {logging_mixin.py:104} INFO - [2021-08-16 15:29:33,084] {dag.py:2273} INFO - Setting next_dagrun for example_dag_decorator to None
[2021-08-16 15:29:33,095] {scheduler_job.py:190} INFO - Processing /home/airflow/.local/lib/python3.6/site-packages/airflow/example_dags/example_dag_decorator.py took 0.058 seconds
[2021-08-16 15:30:03,398] {scheduler_job.py:182} INFO - Started process (PID=96) to work on /home/airflow/.local/lib/python3.6/site-packages/airflow/example_dags/example_dag_decorator.py
[2021-08-16 15:30:03,400] {scheduler_job.py:629} INFO - Processing file /home/airflow/.local/lib/python3.6/site-packages/airflow/example_dags/example_dag_decorator.py for tasks to queue
[2021-08-16 15:30:03,400] {logging_mixin.py:104} INFO - [2021-08-16 15:30:03,400] {dagbag.py:448} INFO - Filling up the DagBag from /home/airflow/.local/lib/python3.6/site-packages/airflow/example_dags/example_dag_decorator.py
[2021-08-16 15:30:03,411] {scheduler_job.py:639} INFO - DAG(s) dict_keys(['example_dag_decorator']) retrieved from /home/airflow/.local/lib/python3.6/site-packages/airflow/example_dags/example_dag_decorator.py
[2021-08-16 15:30:03,424] {logging_mixin.py:104} INFO - [2021-08-16 15:30:03,424] {dag.py:1818} INFO - Sync 1 DAGs
[2021-08-16 15:30:03,433] {logging_mixin.py:104} INFO - [2021-08-16 15:30:03,433] {dag.py:2273} INFO - Setting next_dagrun for example_dag_decorator to None
[2021-08-16 15:30:03,442] {scheduler_job.py:190} INFO - Processing /home/airflow/.local/lib/python3.6/site-packages/airflow/example_dags/example_dag_decorator.py took 0.045 seconds
[2021-08-16 15:30:34,287] {scheduler_job.py:182} INFO - Started process (PID=135) to work on /home/airflow/.local/lib/python3.6/site-packages/airflow/example_dags/example_dag_decorator.py
[2021-08-16 15:30:34,288] {scheduler_job.py:629} INFO - Processing file /home/airflow/.local/lib/python3.6/site-packages/airflow/example_dags/example_dag_decorator.py for tasks to queue
[2021-08-16 15:30:34,292] {logging_mixin.py:104} INFO - [2021-08-16 15:30:34,289] {dagbag.py:448} INFO - Filling up the DagBag from /home/airflow/.local/lib/python3.6/site-packages/airflow/example_dags/example_dag_decorator.py
[2021-08-16 15:30:34,305] {scheduler_job.py:639} INFO - DAG(s) dict_keys(['example_dag_decorator']) retrieved from /home/airflow/.local/lib/python3.6/site-packages/airflow/example_dags/example_dag_decorator.py
[2021-08-16 15:30:34,322] {logging_mixin.py:104} INFO - [2021-08-16 15:30:34,322] {dag.py:1818} INFO - Sync 1 DAGs
[2021-08-16 15:30:34,334] {logging_mixin.py:104} INFO - [2021-08-16 15:30:34,333] {dag.py:2273} INFO - Setting next_dagrun for example_dag_decorator to None
[2021-08-16 15:30:34,347] {scheduler_job.py:190} INFO - Processing /home/airflow/.local/lib/python3.6/site-packages/airflow/example_dags/example_dag_decorator.py took 0.061 seconds
[2021-08-16 15:31:04,490] {scheduler_job.py:182} INFO - Started process (PID=166) to work on /home/airflow/.local/lib/python3.6/site-packages/airflow/example_dags/example_dag_decorator.py
[2021-08-16 15:31:04,490] {scheduler_job.py:629} INFO - Processing file /home/airflow/.local/lib/python3.6/site-packages/airflow/example_dags/example_dag_decorator.py for tasks to queue
[2021-08-16 15:31:04,491] {logging_mixin.py:104} INFO - [2021-08-16 15:31:04,491] {dagbag.py:448} INFO - Filling up the DagBag from /home/airflow/.local/lib/python3.6/site-packages/airflow/example_dags/example_dag_decorator.py
[2021-08-16 15:31:04,501] {scheduler_job.py:639} INFO - DAG(s) dict_keys(['example_dag_decorator']) retrieved from /home/airflow/.local/lib/python3.6/site-packages/airflow/example_dags/example_dag_decorator.py
[2021-08-16 15:31:04,513] {logging_mixin.py:104} INFO - [2021-08-16 15:31:04,513] {dag.py:1818} INFO - Sync 1 DAGs
[2021-08-16 15:31:04,525] {logging_mixin.py:104} INFO - [2021-08-16 15:31:04,525] {dag.py:2273} INFO - Setting next_dagrun for example_dag_decorator to None
[2021-08-16 15:31:04,532] {scheduler_job.py:190} INFO - Processing /home/airflow/.local/lib/python3.6/site-packages/airflow/example_dags/example_dag_decorator.py took 0.045 seconds
[2021-08-16 15:31:34,812] {scheduler_job.py:182} INFO - Started process (PID=198) to work on /home/airflow/.local/lib/python3.6/site-packages/airflow/example_dags/example_dag_decorator.py
[2021-08-16 15:31:34,814] {scheduler_job.py:629} INFO - Processing file /home/airflow/.local/lib/python3.6/site-packages/airflow/example_dags/example_dag_decorator.py for tasks to queue
[2021-08-16 15:31:34,814] {logging_mixin.py:104} INFO - [2021-08-16 15:31:34,814] {dagbag.py:448} INFO - Filling up the DagBag from /home/airflow/.local/lib/python3.6/site-packages/airflow/example_dags/example_dag_decorator.py
[2021-08-16 15:31:34,827] {scheduler_job.py:639} INFO - DAG(s) dict_keys(['example_dag_decorator']) retrieved from /home/airflow/.local/lib/python3.6/site-packages/airflow/example_dags/example_dag_decorator.py
[2021-08-16 15:31:34,840] {logging_mixin.py:104} INFO - [2021-08-16 15:31:34,839] {dag.py:1818} INFO - Sync 1 DAGs
[2021-08-16 15:31:34,849] {logging_mixin.py:104} INFO - [2021-08-16 15:31:34,849] {dag.py:2273} INFO - Setting next_dagrun for example_dag_decorator to None
[2021-08-16 15:31:34,863] {scheduler_job.py:190} INFO - Processing /home/airflow/.local/lib/python3.6/site-packages/airflow/example_dags/example_dag_decorator.py took 0.053 seconds
