[2021-08-16 15:29:03,809] {scheduler_job.py:182} INFO - Started process (PID=49) to work on /home/airflow/.local/lib/python3.6/site-packages/airflow/example_dags/example_trigger_target_dag.py
[2021-08-16 15:29:03,810] {scheduler_job.py:629} INFO - Processing file /home/airflow/.local/lib/python3.6/site-packages/airflow/example_dags/example_trigger_target_dag.py for tasks to queue
[2021-08-16 15:29:03,814] {logging_mixin.py:104} INFO - [2021-08-16 15:29:03,813] {dagbag.py:448} INFO - Filling up the DagBag from /home/airflow/.local/lib/python3.6/site-packages/airflow/example_dags/example_trigger_target_dag.py
[2021-08-16 15:29:03,833] {scheduler_job.py:639} INFO - DAG(s) dict_keys(['example_trigger_target_dag']) retrieved from /home/airflow/.local/lib/python3.6/site-packages/airflow/example_dags/example_trigger_target_dag.py
[2021-08-16 15:29:03,893] {logging_mixin.py:104} INFO - [2021-08-16 15:29:03,893] {dag.py:1818} INFO - Sync 1 DAGs
[2021-08-16 15:29:03,941] {logging_mixin.py:104} INFO - [2021-08-16 15:29:03,941] {dag.py:1837} INFO - Creating ORM DAG for example_trigger_target_dag
[2021-08-16 15:29:03,963] {logging_mixin.py:104} INFO - [2021-08-16 15:29:03,963] {dag.py:2273} INFO - Setting next_dagrun for example_trigger_target_dag to None
[2021-08-16 15:29:03,994] {scheduler_job.py:190} INFO - Processing /home/airflow/.local/lib/python3.6/site-packages/airflow/example_dags/example_trigger_target_dag.py took 0.188 seconds
[2021-08-16 15:29:34,743] {scheduler_job.py:182} INFO - Started process (PID=80) to work on /home/airflow/.local/lib/python3.6/site-packages/airflow/example_dags/example_trigger_target_dag.py
[2021-08-16 15:29:34,744] {scheduler_job.py:629} INFO - Processing file /home/airflow/.local/lib/python3.6/site-packages/airflow/example_dags/example_trigger_target_dag.py for tasks to queue
[2021-08-16 15:29:34,745] {logging_mixin.py:104} INFO - [2021-08-16 15:29:34,745] {dagbag.py:448} INFO - Filling up the DagBag from /home/airflow/.local/lib/python3.6/site-packages/airflow/example_dags/example_trigger_target_dag.py
[2021-08-16 15:29:34,753] {scheduler_job.py:639} INFO - DAG(s) dict_keys(['example_trigger_target_dag']) retrieved from /home/airflow/.local/lib/python3.6/site-packages/airflow/example_dags/example_trigger_target_dag.py
[2021-08-16 15:29:34,770] {logging_mixin.py:104} INFO - [2021-08-16 15:29:34,770] {dag.py:1818} INFO - Sync 1 DAGs
[2021-08-16 15:29:34,783] {logging_mixin.py:104} INFO - [2021-08-16 15:29:34,783] {dag.py:2273} INFO - Setting next_dagrun for example_trigger_target_dag to None
[2021-08-16 15:29:34,790] {scheduler_job.py:190} INFO - Processing /home/airflow/.local/lib/python3.6/site-packages/airflow/example_dags/example_trigger_target_dag.py took 0.050 seconds
[2021-08-16 15:30:05,076] {scheduler_job.py:182} INFO - Started process (PID=111) to work on /home/airflow/.local/lib/python3.6/site-packages/airflow/example_dags/example_trigger_target_dag.py
[2021-08-16 15:30:05,077] {scheduler_job.py:629} INFO - Processing file /home/airflow/.local/lib/python3.6/site-packages/airflow/example_dags/example_trigger_target_dag.py for tasks to queue
[2021-08-16 15:30:05,078] {logging_mixin.py:104} INFO - [2021-08-16 15:30:05,078] {dagbag.py:448} INFO - Filling up the DagBag from /home/airflow/.local/lib/python3.6/site-packages/airflow/example_dags/example_trigger_target_dag.py
[2021-08-16 15:30:05,086] {scheduler_job.py:639} INFO - DAG(s) dict_keys(['example_trigger_target_dag']) retrieved from /home/airflow/.local/lib/python3.6/site-packages/airflow/example_dags/example_trigger_target_dag.py
[2021-08-16 15:30:05,110] {logging_mixin.py:104} INFO - [2021-08-16 15:30:05,110] {dag.py:1818} INFO - Sync 1 DAGs
[2021-08-16 15:30:05,121] {logging_mixin.py:104} INFO - [2021-08-16 15:30:05,121] {dag.py:2273} INFO - Setting next_dagrun for example_trigger_target_dag to None
[2021-08-16 15:30:05,129] {scheduler_job.py:190} INFO - Processing /home/airflow/.local/lib/python3.6/site-packages/airflow/example_dags/example_trigger_target_dag.py took 0.056 seconds
[2021-08-16 15:30:35,623] {scheduler_job.py:182} INFO - Started process (PID=142) to work on /home/airflow/.local/lib/python3.6/site-packages/airflow/example_dags/example_trigger_target_dag.py
[2021-08-16 15:30:35,625] {scheduler_job.py:629} INFO - Processing file /home/airflow/.local/lib/python3.6/site-packages/airflow/example_dags/example_trigger_target_dag.py for tasks to queue
[2021-08-16 15:30:35,625] {logging_mixin.py:104} INFO - [2021-08-16 15:30:35,625] {dagbag.py:448} INFO - Filling up the DagBag from /home/airflow/.local/lib/python3.6/site-packages/airflow/example_dags/example_trigger_target_dag.py
[2021-08-16 15:30:35,635] {scheduler_job.py:639} INFO - DAG(s) dict_keys(['example_trigger_target_dag']) retrieved from /home/airflow/.local/lib/python3.6/site-packages/airflow/example_dags/example_trigger_target_dag.py
[2021-08-16 15:30:35,649] {logging_mixin.py:104} INFO - [2021-08-16 15:30:35,649] {dag.py:1818} INFO - Sync 1 DAGs
[2021-08-16 15:30:35,662] {logging_mixin.py:104} INFO - [2021-08-16 15:30:35,661] {dag.py:2273} INFO - Setting next_dagrun for example_trigger_target_dag to None
[2021-08-16 15:30:35,671] {scheduler_job.py:190} INFO - Processing /home/airflow/.local/lib/python3.6/site-packages/airflow/example_dags/example_trigger_target_dag.py took 0.050 seconds
[2021-08-16 15:31:05,764] {scheduler_job.py:182} INFO - Started process (PID=173) to work on /home/airflow/.local/lib/python3.6/site-packages/airflow/example_dags/example_trigger_target_dag.py
[2021-08-16 15:31:05,765] {scheduler_job.py:629} INFO - Processing file /home/airflow/.local/lib/python3.6/site-packages/airflow/example_dags/example_trigger_target_dag.py for tasks to queue
[2021-08-16 15:31:05,766] {logging_mixin.py:104} INFO - [2021-08-16 15:31:05,766] {dagbag.py:448} INFO - Filling up the DagBag from /home/airflow/.local/lib/python3.6/site-packages/airflow/example_dags/example_trigger_target_dag.py
[2021-08-16 15:31:05,773] {scheduler_job.py:639} INFO - DAG(s) dict_keys(['example_trigger_target_dag']) retrieved from /home/airflow/.local/lib/python3.6/site-packages/airflow/example_dags/example_trigger_target_dag.py
[2021-08-16 15:31:05,785] {logging_mixin.py:104} INFO - [2021-08-16 15:31:05,785] {dag.py:1818} INFO - Sync 1 DAGs
[2021-08-16 15:31:05,795] {logging_mixin.py:104} INFO - [2021-08-16 15:31:05,794] {dag.py:2273} INFO - Setting next_dagrun for example_trigger_target_dag to None
[2021-08-16 15:31:05,803] {scheduler_job.py:190} INFO - Processing /home/airflow/.local/lib/python3.6/site-packages/airflow/example_dags/example_trigger_target_dag.py took 0.041 seconds
[2021-08-16 15:31:36,003] {scheduler_job.py:182} INFO - Started process (PID=203) to work on /home/airflow/.local/lib/python3.6/site-packages/airflow/example_dags/example_trigger_target_dag.py
[2021-08-16 15:31:36,004] {scheduler_job.py:629} INFO - Processing file /home/airflow/.local/lib/python3.6/site-packages/airflow/example_dags/example_trigger_target_dag.py for tasks to queue
[2021-08-16 15:31:36,005] {logging_mixin.py:104} INFO - [2021-08-16 15:31:36,005] {dagbag.py:448} INFO - Filling up the DagBag from /home/airflow/.local/lib/python3.6/site-packages/airflow/example_dags/example_trigger_target_dag.py
[2021-08-16 15:31:36,013] {scheduler_job.py:639} INFO - DAG(s) dict_keys(['example_trigger_target_dag']) retrieved from /home/airflow/.local/lib/python3.6/site-packages/airflow/example_dags/example_trigger_target_dag.py
[2021-08-16 15:31:36,026] {logging_mixin.py:104} INFO - [2021-08-16 15:31:36,026] {dag.py:1818} INFO - Sync 1 DAGs
[2021-08-16 15:31:36,034] {logging_mixin.py:104} INFO - [2021-08-16 15:31:36,034] {dag.py:2273} INFO - Setting next_dagrun for example_trigger_target_dag to None
[2021-08-16 15:31:36,041] {scheduler_job.py:190} INFO - Processing /home/airflow/.local/lib/python3.6/site-packages/airflow/example_dags/example_trigger_target_dag.py took 0.040 seconds
