[2021-08-16 15:29:01,192] {scheduler_job.py:182} INFO - Started process (PID=24) to work on /home/airflow/.local/lib/python3.6/site-packages/airflow/example_dags/example_subdag_operator.py
[2021-08-16 15:29:01,195] {scheduler_job.py:629} INFO - Processing file /home/airflow/.local/lib/python3.6/site-packages/airflow/example_dags/example_subdag_operator.py for tasks to queue
[2021-08-16 15:29:01,197] {logging_mixin.py:104} INFO - [2021-08-16 15:29:01,197] {dagbag.py:448} INFO - Filling up the DagBag from /home/airflow/.local/lib/python3.6/site-packages/airflow/example_dags/example_subdag_operator.py
[2021-08-16 15:29:01,246] {scheduler_job.py:639} INFO - DAG(s) dict_keys(['example_subdag_operator.section-1', 'example_subdag_operator.section-2', 'example_subdag_operator']) retrieved from /home/airflow/.local/lib/python3.6/site-packages/airflow/example_dags/example_subdag_operator.py
[2021-08-16 15:29:01,273] {logging_mixin.py:104} INFO - [2021-08-16 15:29:01,273] {dag.py:1818} INFO - Sync 3 DAGs
[2021-08-16 15:29:01,299] {logging_mixin.py:104} INFO - [2021-08-16 15:29:01,298] {dag.py:1837} INFO - Creating ORM DAG for example_subdag_operator
[2021-08-16 15:29:01,304] {logging_mixin.py:104} INFO - [2021-08-16 15:29:01,304] {dag.py:1837} INFO - Creating ORM DAG for example_subdag_operator.section-1
[2021-08-16 15:29:01,307] {logging_mixin.py:104} INFO - [2021-08-16 15:29:01,306] {dag.py:1837} INFO - Creating ORM DAG for example_subdag_operator.section-2
[2021-08-16 15:29:01,320] {logging_mixin.py:104} INFO - [2021-08-16 15:29:01,319] {dag.py:2273} INFO - Setting next_dagrun for example_subdag_operator to 2021-08-14 00:00:00+00:00
[2021-08-16 15:29:01,321] {logging_mixin.py:104} INFO - [2021-08-16 15:29:01,321] {dag.py:2273} INFO - Setting next_dagrun for example_subdag_operator.section-1 to None
[2021-08-16 15:29:01,322] {logging_mixin.py:104} INFO - [2021-08-16 15:29:01,322] {dag.py:2273} INFO - Setting next_dagrun for example_subdag_operator.section-2 to None
[2021-08-16 15:29:01,341] {logging_mixin.py:104} INFO - [2021-08-16 15:29:01,341] {dag.py:1818} INFO - Sync 2 DAGs
[2021-08-16 15:29:01,357] {logging_mixin.py:104} INFO - [2021-08-16 15:29:01,357] {dag.py:2273} INFO - Setting next_dagrun for example_subdag_operator.section-1 to None
[2021-08-16 15:29:01,358] {logging_mixin.py:104} INFO - [2021-08-16 15:29:01,358] {dag.py:2273} INFO - Setting next_dagrun for example_subdag_operator.section-2 to None
[2021-08-16 15:29:01,368] {scheduler_job.py:190} INFO - Processing /home/airflow/.local/lib/python3.6/site-packages/airflow/example_dags/example_subdag_operator.py took 0.177 seconds
[2021-08-16 15:29:32,582] {scheduler_job.py:182} INFO - Started process (PID=57) to work on /home/airflow/.local/lib/python3.6/site-packages/airflow/example_dags/example_subdag_operator.py
[2021-08-16 15:29:32,583] {scheduler_job.py:629} INFO - Processing file /home/airflow/.local/lib/python3.6/site-packages/airflow/example_dags/example_subdag_operator.py for tasks to queue
[2021-08-16 15:29:32,584] {logging_mixin.py:104} INFO - [2021-08-16 15:29:32,584] {dagbag.py:448} INFO - Filling up the DagBag from /home/airflow/.local/lib/python3.6/site-packages/airflow/example_dags/example_subdag_operator.py
[2021-08-16 15:29:32,605] {scheduler_job.py:639} INFO - DAG(s) dict_keys(['example_subdag_operator.section-1', 'example_subdag_operator.section-2', 'example_subdag_operator']) retrieved from /home/airflow/.local/lib/python3.6/site-packages/airflow/example_dags/example_subdag_operator.py
[2021-08-16 15:29:32,614] {logging_mixin.py:104} INFO - [2021-08-16 15:29:32,613] {dag.py:1818} INFO - Sync 3 DAGs
[2021-08-16 15:29:32,625] {logging_mixin.py:104} INFO - [2021-08-16 15:29:32,625] {dag.py:2273} INFO - Setting next_dagrun for example_subdag_operator to 2021-08-14 00:00:00+00:00
[2021-08-16 15:29:32,626] {logging_mixin.py:104} INFO - [2021-08-16 15:29:32,626] {dag.py:2273} INFO - Setting next_dagrun for example_subdag_operator.section-1 to None
[2021-08-16 15:29:32,627] {logging_mixin.py:104} INFO - [2021-08-16 15:29:32,627] {dag.py:2273} INFO - Setting next_dagrun for example_subdag_operator.section-2 to None
[2021-08-16 15:29:32,633] {logging_mixin.py:104} INFO - [2021-08-16 15:29:32,632] {dag.py:1818} INFO - Sync 2 DAGs
[2021-08-16 15:29:32,638] {logging_mixin.py:104} INFO - [2021-08-16 15:29:32,638] {dag.py:2273} INFO - Setting next_dagrun for example_subdag_operator.section-1 to None
[2021-08-16 15:29:32,639] {logging_mixin.py:104} INFO - [2021-08-16 15:29:32,639] {dag.py:2273} INFO - Setting next_dagrun for example_subdag_operator.section-2 to None
[2021-08-16 15:29:32,645] {scheduler_job.py:190} INFO - Processing /home/airflow/.local/lib/python3.6/site-packages/airflow/example_dags/example_subdag_operator.py took 0.065 seconds
[2021-08-16 15:30:03,012] {scheduler_job.py:182} INFO - Started process (PID=86) to work on /home/airflow/.local/lib/python3.6/site-packages/airflow/example_dags/example_subdag_operator.py
[2021-08-16 15:30:03,013] {scheduler_job.py:629} INFO - Processing file /home/airflow/.local/lib/python3.6/site-packages/airflow/example_dags/example_subdag_operator.py for tasks to queue
[2021-08-16 15:30:03,013] {logging_mixin.py:104} INFO - [2021-08-16 15:30:03,013] {dagbag.py:448} INFO - Filling up the DagBag from /home/airflow/.local/lib/python3.6/site-packages/airflow/example_dags/example_subdag_operator.py
[2021-08-16 15:30:03,033] {scheduler_job.py:639} INFO - DAG(s) dict_keys(['example_subdag_operator.section-1', 'example_subdag_operator.section-2', 'example_subdag_operator']) retrieved from /home/airflow/.local/lib/python3.6/site-packages/airflow/example_dags/example_subdag_operator.py
[2021-08-16 15:30:03,040] {logging_mixin.py:104} INFO - [2021-08-16 15:30:03,039] {dag.py:1818} INFO - Sync 3 DAGs
[2021-08-16 15:30:03,049] {logging_mixin.py:104} INFO - [2021-08-16 15:30:03,048] {dag.py:2273} INFO - Setting next_dagrun for example_subdag_operator to 2021-08-14 00:00:00+00:00
[2021-08-16 15:30:03,049] {logging_mixin.py:104} INFO - [2021-08-16 15:30:03,049] {dag.py:2273} INFO - Setting next_dagrun for example_subdag_operator.section-1 to None
[2021-08-16 15:30:03,050] {logging_mixin.py:104} INFO - [2021-08-16 15:30:03,050] {dag.py:2273} INFO - Setting next_dagrun for example_subdag_operator.section-2 to None
[2021-08-16 15:30:03,055] {logging_mixin.py:104} INFO - [2021-08-16 15:30:03,055] {dag.py:1818} INFO - Sync 2 DAGs
[2021-08-16 15:30:03,061] {logging_mixin.py:104} INFO - [2021-08-16 15:30:03,061] {dag.py:2273} INFO - Setting next_dagrun for example_subdag_operator.section-1 to None
[2021-08-16 15:30:03,062] {logging_mixin.py:104} INFO - [2021-08-16 15:30:03,062] {dag.py:2273} INFO - Setting next_dagrun for example_subdag_operator.section-2 to None
[2021-08-16 15:30:03,072] {scheduler_job.py:190} INFO - Processing /home/airflow/.local/lib/python3.6/site-packages/airflow/example_dags/example_subdag_operator.py took 0.063 seconds
[2021-08-16 15:30:33,405] {scheduler_job.py:182} INFO - Started process (PID=117) to work on /home/airflow/.local/lib/python3.6/site-packages/airflow/example_dags/example_subdag_operator.py
[2021-08-16 15:30:33,406] {scheduler_job.py:629} INFO - Processing file /home/airflow/.local/lib/python3.6/site-packages/airflow/example_dags/example_subdag_operator.py for tasks to queue
[2021-08-16 15:30:33,407] {logging_mixin.py:104} INFO - [2021-08-16 15:30:33,407] {dagbag.py:448} INFO - Filling up the DagBag from /home/airflow/.local/lib/python3.6/site-packages/airflow/example_dags/example_subdag_operator.py
[2021-08-16 15:30:33,442] {scheduler_job.py:639} INFO - DAG(s) dict_keys(['example_subdag_operator.section-1', 'example_subdag_operator.section-2', 'example_subdag_operator']) retrieved from /home/airflow/.local/lib/python3.6/site-packages/airflow/example_dags/example_subdag_operator.py
[2021-08-16 15:30:33,461] {logging_mixin.py:104} INFO - [2021-08-16 15:30:33,461] {dag.py:1818} INFO - Sync 3 DAGs
[2021-08-16 15:30:33,490] {logging_mixin.py:104} INFO - [2021-08-16 15:30:33,490] {dag.py:2273} INFO - Setting next_dagrun for example_subdag_operator to 2021-08-14 00:00:00+00:00
[2021-08-16 15:30:33,491] {logging_mixin.py:104} INFO - [2021-08-16 15:30:33,491] {dag.py:2273} INFO - Setting next_dagrun for example_subdag_operator.section-1 to None
[2021-08-16 15:30:33,492] {logging_mixin.py:104} INFO - [2021-08-16 15:30:33,492] {dag.py:2273} INFO - Setting next_dagrun for example_subdag_operator.section-2 to None
[2021-08-16 15:30:33,504] {logging_mixin.py:104} INFO - [2021-08-16 15:30:33,504] {dag.py:1818} INFO - Sync 2 DAGs
[2021-08-16 15:30:33,513] {logging_mixin.py:104} INFO - [2021-08-16 15:30:33,513] {dag.py:2273} INFO - Setting next_dagrun for example_subdag_operator.section-1 to None
[2021-08-16 15:30:33,513] {logging_mixin.py:104} INFO - [2021-08-16 15:30:33,513] {dag.py:2273} INFO - Setting next_dagrun for example_subdag_operator.section-2 to None
[2021-08-16 15:30:33,520] {scheduler_job.py:190} INFO - Processing /home/airflow/.local/lib/python3.6/site-packages/airflow/example_dags/example_subdag_operator.py took 0.120 seconds
[2021-08-16 15:31:03,873] {scheduler_job.py:182} INFO - Started process (PID=149) to work on /home/airflow/.local/lib/python3.6/site-packages/airflow/example_dags/example_subdag_operator.py
[2021-08-16 15:31:03,874] {scheduler_job.py:629} INFO - Processing file /home/airflow/.local/lib/python3.6/site-packages/airflow/example_dags/example_subdag_operator.py for tasks to queue
[2021-08-16 15:31:03,875] {logging_mixin.py:104} INFO - [2021-08-16 15:31:03,875] {dagbag.py:448} INFO - Filling up the DagBag from /home/airflow/.local/lib/python3.6/site-packages/airflow/example_dags/example_subdag_operator.py
[2021-08-16 15:31:03,895] {scheduler_job.py:639} INFO - DAG(s) dict_keys(['example_subdag_operator.section-1', 'example_subdag_operator.section-2', 'example_subdag_operator']) retrieved from /home/airflow/.local/lib/python3.6/site-packages/airflow/example_dags/example_subdag_operator.py
[2021-08-16 15:31:03,903] {logging_mixin.py:104} INFO - [2021-08-16 15:31:03,903] {dag.py:1818} INFO - Sync 3 DAGs
[2021-08-16 15:31:03,912] {logging_mixin.py:104} INFO - [2021-08-16 15:31:03,912] {dag.py:2273} INFO - Setting next_dagrun for example_subdag_operator to 2021-08-14 00:00:00+00:00
[2021-08-16 15:31:03,913] {logging_mixin.py:104} INFO - [2021-08-16 15:31:03,913] {dag.py:2273} INFO - Setting next_dagrun for example_subdag_operator.section-1 to None
[2021-08-16 15:31:03,918] {logging_mixin.py:104} INFO - [2021-08-16 15:31:03,918] {dag.py:2273} INFO - Setting next_dagrun for example_subdag_operator.section-2 to None
[2021-08-16 15:31:03,926] {logging_mixin.py:104} INFO - [2021-08-16 15:31:03,926] {dag.py:1818} INFO - Sync 2 DAGs
[2021-08-16 15:31:03,931] {logging_mixin.py:104} INFO - [2021-08-16 15:31:03,931] {dag.py:2273} INFO - Setting next_dagrun for example_subdag_operator.section-1 to None
[2021-08-16 15:31:03,932] {logging_mixin.py:104} INFO - [2021-08-16 15:31:03,932] {dag.py:2273} INFO - Setting next_dagrun for example_subdag_operator.section-2 to None
[2021-08-16 15:31:03,936] {scheduler_job.py:190} INFO - Processing /home/airflow/.local/lib/python3.6/site-packages/airflow/example_dags/example_subdag_operator.py took 0.065 seconds
[2021-08-16 15:31:34,095] {scheduler_job.py:182} INFO - Started process (PID=180) to work on /home/airflow/.local/lib/python3.6/site-packages/airflow/example_dags/example_subdag_operator.py
[2021-08-16 15:31:34,096] {scheduler_job.py:629} INFO - Processing file /home/airflow/.local/lib/python3.6/site-packages/airflow/example_dags/example_subdag_operator.py for tasks to queue
[2021-08-16 15:31:34,098] {logging_mixin.py:104} INFO - [2021-08-16 15:31:34,097] {dagbag.py:448} INFO - Filling up the DagBag from /home/airflow/.local/lib/python3.6/site-packages/airflow/example_dags/example_subdag_operator.py
[2021-08-16 15:31:34,119] {scheduler_job.py:639} INFO - DAG(s) dict_keys(['example_subdag_operator.section-1', 'example_subdag_operator.section-2', 'example_subdag_operator']) retrieved from /home/airflow/.local/lib/python3.6/site-packages/airflow/example_dags/example_subdag_operator.py
[2021-08-16 15:31:34,128] {logging_mixin.py:104} INFO - [2021-08-16 15:31:34,127] {dag.py:1818} INFO - Sync 3 DAGs
[2021-08-16 15:31:34,138] {logging_mixin.py:104} INFO - [2021-08-16 15:31:34,138] {dag.py:2273} INFO - Setting next_dagrun for example_subdag_operator to 2021-08-14 00:00:00+00:00
[2021-08-16 15:31:34,140] {logging_mixin.py:104} INFO - [2021-08-16 15:31:34,139] {dag.py:2273} INFO - Setting next_dagrun for example_subdag_operator.section-1 to None
[2021-08-16 15:31:34,140] {logging_mixin.py:104} INFO - [2021-08-16 15:31:34,140] {dag.py:2273} INFO - Setting next_dagrun for example_subdag_operator.section-2 to None
[2021-08-16 15:31:34,145] {logging_mixin.py:104} INFO - [2021-08-16 15:31:34,145] {dag.py:1818} INFO - Sync 2 DAGs
[2021-08-16 15:31:34,149] {logging_mixin.py:104} INFO - [2021-08-16 15:31:34,149] {dag.py:2273} INFO - Setting next_dagrun for example_subdag_operator.section-1 to None
[2021-08-16 15:31:34,150] {logging_mixin.py:104} INFO - [2021-08-16 15:31:34,150] {dag.py:2273} INFO - Setting next_dagrun for example_subdag_operator.section-2 to None
[2021-08-16 15:31:34,156] {scheduler_job.py:190} INFO - Processing /home/airflow/.local/lib/python3.6/site-packages/airflow/example_dags/example_subdag_operator.py took 0.063 seconds
