[2021-08-16 15:29:03,923] {scheduler_job.py:182} INFO - Started process (PID=50) to work on /home/airflow/.local/lib/python3.6/site-packages/airflow/example_dags/example_latest_only_with_trigger.py
[2021-08-16 15:29:03,930] {scheduler_job.py:629} INFO - Processing file /home/airflow/.local/lib/python3.6/site-packages/airflow/example_dags/example_latest_only_with_trigger.py for tasks to queue
[2021-08-16 15:29:03,932] {logging_mixin.py:104} INFO - [2021-08-16 15:29:03,932] {dagbag.py:448} INFO - Filling up the DagBag from /home/airflow/.local/lib/python3.6/site-packages/airflow/example_dags/example_latest_only_with_trigger.py
[2021-08-16 15:29:03,962] {scheduler_job.py:639} INFO - DAG(s) dict_keys(['latest_only_with_trigger']) retrieved from /home/airflow/.local/lib/python3.6/site-packages/airflow/example_dags/example_latest_only_with_trigger.py
[2021-08-16 15:29:04,004] {logging_mixin.py:104} INFO - [2021-08-16 15:29:04,004] {dag.py:1818} INFO - Sync 1 DAGs
[2021-08-16 15:29:04,014] {logging_mixin.py:104} INFO - [2021-08-16 15:29:04,014] {dag.py:1837} INFO - Creating ORM DAG for latest_only_with_trigger
[2021-08-16 15:29:04,018] {logging_mixin.py:104} INFO - [2021-08-16 15:29:04,018] {dag.py:2273} INFO - Setting next_dagrun for latest_only_with_trigger to 2021-08-14 00:00:00+00:00
[2021-08-16 15:29:04,040] {scheduler_job.py:190} INFO - Processing /home/airflow/.local/lib/python3.6/site-packages/airflow/example_dags/example_latest_only_with_trigger.py took 0.119 seconds
[2021-08-16 15:29:34,748] {scheduler_job.py:182} INFO - Started process (PID=81) to work on /home/airflow/.local/lib/python3.6/site-packages/airflow/example_dags/example_latest_only_with_trigger.py
[2021-08-16 15:29:34,749] {scheduler_job.py:629} INFO - Processing file /home/airflow/.local/lib/python3.6/site-packages/airflow/example_dags/example_latest_only_with_trigger.py for tasks to queue
[2021-08-16 15:29:34,750] {logging_mixin.py:104} INFO - [2021-08-16 15:29:34,750] {dagbag.py:448} INFO - Filling up the DagBag from /home/airflow/.local/lib/python3.6/site-packages/airflow/example_dags/example_latest_only_with_trigger.py
[2021-08-16 15:29:34,758] {scheduler_job.py:639} INFO - DAG(s) dict_keys(['latest_only_with_trigger']) retrieved from /home/airflow/.local/lib/python3.6/site-packages/airflow/example_dags/example_latest_only_with_trigger.py
[2021-08-16 15:29:34,776] {logging_mixin.py:104} INFO - [2021-08-16 15:29:34,776] {dag.py:1818} INFO - Sync 1 DAGs
[2021-08-16 15:29:34,785] {logging_mixin.py:104} INFO - [2021-08-16 15:29:34,785] {dag.py:2273} INFO - Setting next_dagrun for latest_only_with_trigger to 2021-08-14 00:00:00+00:00
[2021-08-16 15:29:34,794] {scheduler_job.py:190} INFO - Processing /home/airflow/.local/lib/python3.6/site-packages/airflow/example_dags/example_latest_only_with_trigger.py took 0.048 seconds
[2021-08-16 15:30:05,143] {scheduler_job.py:182} INFO - Started process (PID=112) to work on /home/airflow/.local/lib/python3.6/site-packages/airflow/example_dags/example_latest_only_with_trigger.py
[2021-08-16 15:30:05,144] {scheduler_job.py:629} INFO - Processing file /home/airflow/.local/lib/python3.6/site-packages/airflow/example_dags/example_latest_only_with_trigger.py for tasks to queue
[2021-08-16 15:30:05,145] {logging_mixin.py:104} INFO - [2021-08-16 15:30:05,145] {dagbag.py:448} INFO - Filling up the DagBag from /home/airflow/.local/lib/python3.6/site-packages/airflow/example_dags/example_latest_only_with_trigger.py
[2021-08-16 15:30:05,152] {scheduler_job.py:639} INFO - DAG(s) dict_keys(['latest_only_with_trigger']) retrieved from /home/airflow/.local/lib/python3.6/site-packages/airflow/example_dags/example_latest_only_with_trigger.py
[2021-08-16 15:30:05,167] {logging_mixin.py:104} INFO - [2021-08-16 15:30:05,167] {dag.py:1818} INFO - Sync 1 DAGs
[2021-08-16 15:30:05,178] {logging_mixin.py:104} INFO - [2021-08-16 15:30:05,178] {dag.py:2273} INFO - Setting next_dagrun for latest_only_with_trigger to 2021-08-14 00:00:00+00:00
[2021-08-16 15:30:05,185] {scheduler_job.py:190} INFO - Processing /home/airflow/.local/lib/python3.6/site-packages/airflow/example_dags/example_latest_only_with_trigger.py took 0.044 seconds
[2021-08-16 15:30:35,635] {scheduler_job.py:182} INFO - Started process (PID=143) to work on /home/airflow/.local/lib/python3.6/site-packages/airflow/example_dags/example_latest_only_with_trigger.py
[2021-08-16 15:30:35,636] {scheduler_job.py:629} INFO - Processing file /home/airflow/.local/lib/python3.6/site-packages/airflow/example_dags/example_latest_only_with_trigger.py for tasks to queue
[2021-08-16 15:30:35,637] {logging_mixin.py:104} INFO - [2021-08-16 15:30:35,637] {dagbag.py:448} INFO - Filling up the DagBag from /home/airflow/.local/lib/python3.6/site-packages/airflow/example_dags/example_latest_only_with_trigger.py
[2021-08-16 15:30:35,645] {scheduler_job.py:639} INFO - DAG(s) dict_keys(['latest_only_with_trigger']) retrieved from /home/airflow/.local/lib/python3.6/site-packages/airflow/example_dags/example_latest_only_with_trigger.py
[2021-08-16 15:30:35,658] {logging_mixin.py:104} INFO - [2021-08-16 15:30:35,658] {dag.py:1818} INFO - Sync 1 DAGs
[2021-08-16 15:30:35,669] {logging_mixin.py:104} INFO - [2021-08-16 15:30:35,669] {dag.py:2273} INFO - Setting next_dagrun for latest_only_with_trigger to 2021-08-14 00:00:00+00:00
[2021-08-16 15:30:35,680] {scheduler_job.py:190} INFO - Processing /home/airflow/.local/lib/python3.6/site-packages/airflow/example_dags/example_latest_only_with_trigger.py took 0.047 seconds
[2021-08-16 15:31:05,820] {scheduler_job.py:182} INFO - Started process (PID=174) to work on /home/airflow/.local/lib/python3.6/site-packages/airflow/example_dags/example_latest_only_with_trigger.py
[2021-08-16 15:31:05,821] {scheduler_job.py:629} INFO - Processing file /home/airflow/.local/lib/python3.6/site-packages/airflow/example_dags/example_latest_only_with_trigger.py for tasks to queue
[2021-08-16 15:31:05,821] {logging_mixin.py:104} INFO - [2021-08-16 15:31:05,821] {dagbag.py:448} INFO - Filling up the DagBag from /home/airflow/.local/lib/python3.6/site-packages/airflow/example_dags/example_latest_only_with_trigger.py
[2021-08-16 15:31:05,829] {scheduler_job.py:639} INFO - DAG(s) dict_keys(['latest_only_with_trigger']) retrieved from /home/airflow/.local/lib/python3.6/site-packages/airflow/example_dags/example_latest_only_with_trigger.py
[2021-08-16 15:31:05,842] {logging_mixin.py:104} INFO - [2021-08-16 15:31:05,842] {dag.py:1818} INFO - Sync 1 DAGs
[2021-08-16 15:31:05,853] {logging_mixin.py:104} INFO - [2021-08-16 15:31:05,853] {dag.py:2273} INFO - Setting next_dagrun for latest_only_with_trigger to 2021-08-14 00:00:00+00:00
[2021-08-16 15:31:05,860] {scheduler_job.py:190} INFO - Processing /home/airflow/.local/lib/python3.6/site-packages/airflow/example_dags/example_latest_only_with_trigger.py took 0.041 seconds
[2021-08-16 15:31:36,004] {scheduler_job.py:182} INFO - Started process (PID=204) to work on /home/airflow/.local/lib/python3.6/site-packages/airflow/example_dags/example_latest_only_with_trigger.py
[2021-08-16 15:31:36,005] {scheduler_job.py:629} INFO - Processing file /home/airflow/.local/lib/python3.6/site-packages/airflow/example_dags/example_latest_only_with_trigger.py for tasks to queue
[2021-08-16 15:31:36,006] {logging_mixin.py:104} INFO - [2021-08-16 15:31:36,006] {dagbag.py:448} INFO - Filling up the DagBag from /home/airflow/.local/lib/python3.6/site-packages/airflow/example_dags/example_latest_only_with_trigger.py
[2021-08-16 15:31:36,013] {scheduler_job.py:639} INFO - DAG(s) dict_keys(['latest_only_with_trigger']) retrieved from /home/airflow/.local/lib/python3.6/site-packages/airflow/example_dags/example_latest_only_with_trigger.py
[2021-08-16 15:31:36,026] {logging_mixin.py:104} INFO - [2021-08-16 15:31:36,026] {dag.py:1818} INFO - Sync 1 DAGs
[2021-08-16 15:31:36,038] {logging_mixin.py:104} INFO - [2021-08-16 15:31:36,037] {dag.py:2273} INFO - Setting next_dagrun for latest_only_with_trigger to 2021-08-14 00:00:00+00:00
[2021-08-16 15:31:36,045] {scheduler_job.py:190} INFO - Processing /home/airflow/.local/lib/python3.6/site-packages/airflow/example_dags/example_latest_only_with_trigger.py took 0.044 seconds
