[2021-08-16 15:29:02,950] {scheduler_job.py:182} INFO - Started process (PID=38) to work on /home/airflow/.local/lib/python3.6/site-packages/airflow/example_dags/example_complex.py
[2021-08-16 15:29:02,952] {scheduler_job.py:629} INFO - Processing file /home/airflow/.local/lib/python3.6/site-packages/airflow/example_dags/example_complex.py for tasks to queue
[2021-08-16 15:29:02,954] {logging_mixin.py:104} INFO - [2021-08-16 15:29:02,953] {dagbag.py:448} INFO - Filling up the DagBag from /home/airflow/.local/lib/python3.6/site-packages/airflow/example_dags/example_complex.py
[2021-08-16 15:29:02,989] {scheduler_job.py:639} INFO - DAG(s) dict_keys(['example_complex']) retrieved from /home/airflow/.local/lib/python3.6/site-packages/airflow/example_dags/example_complex.py
[2021-08-16 15:29:03,019] {logging_mixin.py:104} INFO - [2021-08-16 15:29:03,019] {dag.py:1818} INFO - Sync 1 DAGs
[2021-08-16 15:29:03,028] {logging_mixin.py:104} INFO - [2021-08-16 15:29:03,027] {dag.py:1837} INFO - Creating ORM DAG for example_complex
[2021-08-16 15:29:03,038] {logging_mixin.py:104} INFO - [2021-08-16 15:29:03,038] {dag.py:2273} INFO - Setting next_dagrun for example_complex to None
[2021-08-16 15:29:03,058] {scheduler_job.py:190} INFO - Processing /home/airflow/.local/lib/python3.6/site-packages/airflow/example_dags/example_complex.py took 0.112 seconds
[2021-08-16 15:29:33,393] {scheduler_job.py:182} INFO - Started process (PID=71) to work on /home/airflow/.local/lib/python3.6/site-packages/airflow/example_dags/example_complex.py
[2021-08-16 15:29:33,394] {scheduler_job.py:629} INFO - Processing file /home/airflow/.local/lib/python3.6/site-packages/airflow/example_dags/example_complex.py for tasks to queue
[2021-08-16 15:29:33,394] {logging_mixin.py:104} INFO - [2021-08-16 15:29:33,394] {dagbag.py:448} INFO - Filling up the DagBag from /home/airflow/.local/lib/python3.6/site-packages/airflow/example_dags/example_complex.py
[2021-08-16 15:29:33,406] {scheduler_job.py:639} INFO - DAG(s) dict_keys(['example_complex']) retrieved from /home/airflow/.local/lib/python3.6/site-packages/airflow/example_dags/example_complex.py
[2021-08-16 15:29:33,423] {logging_mixin.py:104} INFO - [2021-08-16 15:29:33,423] {dag.py:1818} INFO - Sync 1 DAGs
[2021-08-16 15:29:33,433] {logging_mixin.py:104} INFO - [2021-08-16 15:29:33,433] {dag.py:2273} INFO - Setting next_dagrun for example_complex to None
[2021-08-16 15:29:33,441] {scheduler_job.py:190} INFO - Processing /home/airflow/.local/lib/python3.6/site-packages/airflow/example_dags/example_complex.py took 0.050 seconds
[2021-08-16 15:30:03,590] {scheduler_job.py:182} INFO - Started process (PID=102) to work on /home/airflow/.local/lib/python3.6/site-packages/airflow/example_dags/example_complex.py
[2021-08-16 15:30:03,591] {scheduler_job.py:629} INFO - Processing file /home/airflow/.local/lib/python3.6/site-packages/airflow/example_dags/example_complex.py for tasks to queue
[2021-08-16 15:30:03,592] {logging_mixin.py:104} INFO - [2021-08-16 15:30:03,592] {dagbag.py:448} INFO - Filling up the DagBag from /home/airflow/.local/lib/python3.6/site-packages/airflow/example_dags/example_complex.py
[2021-08-16 15:30:03,603] {scheduler_job.py:639} INFO - DAG(s) dict_keys(['example_complex']) retrieved from /home/airflow/.local/lib/python3.6/site-packages/airflow/example_dags/example_complex.py
[2021-08-16 15:30:03,621] {logging_mixin.py:104} INFO - [2021-08-16 15:30:03,621] {dag.py:1818} INFO - Sync 1 DAGs
[2021-08-16 15:30:03,630] {logging_mixin.py:104} INFO - [2021-08-16 15:30:03,630] {dag.py:2273} INFO - Setting next_dagrun for example_complex to None
[2021-08-16 15:30:03,637] {scheduler_job.py:190} INFO - Processing /home/airflow/.local/lib/python3.6/site-packages/airflow/example_dags/example_complex.py took 0.049 seconds
[2021-08-16 15:30:34,369] {scheduler_job.py:182} INFO - Started process (PID=137) to work on /home/airflow/.local/lib/python3.6/site-packages/airflow/example_dags/example_complex.py
[2021-08-16 15:30:34,372] {scheduler_job.py:629} INFO - Processing file /home/airflow/.local/lib/python3.6/site-packages/airflow/example_dags/example_complex.py for tasks to queue
[2021-08-16 15:30:34,376] {logging_mixin.py:104} INFO - [2021-08-16 15:30:34,376] {dagbag.py:448} INFO - Filling up the DagBag from /home/airflow/.local/lib/python3.6/site-packages/airflow/example_dags/example_complex.py
[2021-08-16 15:30:34,395] {scheduler_job.py:639} INFO - DAG(s) dict_keys(['example_complex']) retrieved from /home/airflow/.local/lib/python3.6/site-packages/airflow/example_dags/example_complex.py
[2021-08-16 15:30:34,413] {logging_mixin.py:104} INFO - [2021-08-16 15:30:34,413] {dag.py:1818} INFO - Sync 1 DAGs
[2021-08-16 15:30:34,425] {logging_mixin.py:104} INFO - [2021-08-16 15:30:34,425] {dag.py:2273} INFO - Setting next_dagrun for example_complex to None
[2021-08-16 15:30:34,432] {scheduler_job.py:190} INFO - Processing /home/airflow/.local/lib/python3.6/site-packages/airflow/example_dags/example_complex.py took 0.065 seconds
[2021-08-16 15:31:04,467] {scheduler_job.py:182} INFO - Started process (PID=165) to work on /home/airflow/.local/lib/python3.6/site-packages/airflow/example_dags/example_complex.py
[2021-08-16 15:31:04,469] {scheduler_job.py:629} INFO - Processing file /home/airflow/.local/lib/python3.6/site-packages/airflow/example_dags/example_complex.py for tasks to queue
[2021-08-16 15:31:04,474] {logging_mixin.py:104} INFO - [2021-08-16 15:31:04,474] {dagbag.py:448} INFO - Filling up the DagBag from /home/airflow/.local/lib/python3.6/site-packages/airflow/example_dags/example_complex.py
[2021-08-16 15:31:04,485] {scheduler_job.py:639} INFO - DAG(s) dict_keys(['example_complex']) retrieved from /home/airflow/.local/lib/python3.6/site-packages/airflow/example_dags/example_complex.py
[2021-08-16 15:31:04,500] {logging_mixin.py:104} INFO - [2021-08-16 15:31:04,500] {dag.py:1818} INFO - Sync 1 DAGs
[2021-08-16 15:31:04,508] {logging_mixin.py:104} INFO - [2021-08-16 15:31:04,508] {dag.py:2273} INFO - Setting next_dagrun for example_complex to None
[2021-08-16 15:31:04,516] {scheduler_job.py:190} INFO - Processing /home/airflow/.local/lib/python3.6/site-packages/airflow/example_dags/example_complex.py took 0.051 seconds
[2021-08-16 15:31:34,744] {scheduler_job.py:182} INFO - Started process (PID=196) to work on /home/airflow/.local/lib/python3.6/site-packages/airflow/example_dags/example_complex.py
[2021-08-16 15:31:34,745] {scheduler_job.py:629} INFO - Processing file /home/airflow/.local/lib/python3.6/site-packages/airflow/example_dags/example_complex.py for tasks to queue
[2021-08-16 15:31:34,746] {logging_mixin.py:104} INFO - [2021-08-16 15:31:34,746] {dagbag.py:448} INFO - Filling up the DagBag from /home/airflow/.local/lib/python3.6/site-packages/airflow/example_dags/example_complex.py
[2021-08-16 15:31:34,760] {scheduler_job.py:639} INFO - DAG(s) dict_keys(['example_complex']) retrieved from /home/airflow/.local/lib/python3.6/site-packages/airflow/example_dags/example_complex.py
[2021-08-16 15:31:34,776] {logging_mixin.py:104} INFO - [2021-08-16 15:31:34,776] {dag.py:1818} INFO - Sync 1 DAGs
[2021-08-16 15:31:34,785] {logging_mixin.py:104} INFO - [2021-08-16 15:31:34,785] {dag.py:2273} INFO - Setting next_dagrun for example_complex to None
[2021-08-16 15:31:34,794] {scheduler_job.py:190} INFO - Processing /home/airflow/.local/lib/python3.6/site-packages/airflow/example_dags/example_complex.py took 0.051 seconds
