[2021-08-16 15:29:00,778] {scheduler_job.py:182} INFO - Started process (PID=21) to work on /home/airflow/.local/lib/python3.6/site-packages/airflow/example_dags/example_bash_operator.py
[2021-08-16 15:29:00,791] {scheduler_job.py:629} INFO - Processing file /home/airflow/.local/lib/python3.6/site-packages/airflow/example_dags/example_bash_operator.py for tasks to queue
[2021-08-16 15:29:00,801] {logging_mixin.py:104} INFO - [2021-08-16 15:29:00,801] {dagbag.py:448} INFO - Filling up the DagBag from /home/airflow/.local/lib/python3.6/site-packages/airflow/example_dags/example_bash_operator.py
[2021-08-16 15:29:00,847] {scheduler_job.py:639} INFO - DAG(s) dict_keys(['example_bash_operator']) retrieved from /home/airflow/.local/lib/python3.6/site-packages/airflow/example_dags/example_bash_operator.py
[2021-08-16 15:29:00,916] {logging_mixin.py:104} INFO - [2021-08-16 15:29:00,915] {dag.py:1818} INFO - Sync 1 DAGs
[2021-08-16 15:29:00,934] {logging_mixin.py:104} INFO - [2021-08-16 15:29:00,934] {dag.py:1837} INFO - Creating ORM DAG for example_bash_operator
[2021-08-16 15:29:00,966] {logging_mixin.py:104} INFO - [2021-08-16 15:29:00,966] {dag.py:2273} INFO - Setting next_dagrun for example_bash_operator to 2021-08-14 00:00:00+00:00
[2021-08-16 15:29:00,996] {scheduler_job.py:190} INFO - Processing /home/airflow/.local/lib/python3.6/site-packages/airflow/example_dags/example_bash_operator.py took 0.222 seconds
[2021-08-16 15:29:31,108] {scheduler_job.py:182} INFO - Started process (PID=52) to work on /home/airflow/.local/lib/python3.6/site-packages/airflow/example_dags/example_bash_operator.py
[2021-08-16 15:29:31,112] {scheduler_job.py:629} INFO - Processing file /home/airflow/.local/lib/python3.6/site-packages/airflow/example_dags/example_bash_operator.py for tasks to queue
[2021-08-16 15:29:31,114] {logging_mixin.py:104} INFO - [2021-08-16 15:29:31,114] {dagbag.py:448} INFO - Filling up the DagBag from /home/airflow/.local/lib/python3.6/site-packages/airflow/example_dags/example_bash_operator.py
[2021-08-16 15:29:31,151] {scheduler_job.py:639} INFO - DAG(s) dict_keys(['example_bash_operator']) retrieved from /home/airflow/.local/lib/python3.6/site-packages/airflow/example_dags/example_bash_operator.py
[2021-08-16 15:29:31,185] {logging_mixin.py:104} INFO - [2021-08-16 15:29:31,185] {dag.py:1818} INFO - Sync 1 DAGs
[2021-08-16 15:29:31,227] {logging_mixin.py:104} INFO - [2021-08-16 15:29:31,227] {dag.py:2273} INFO - Setting next_dagrun for example_bash_operator to 2021-08-14 00:00:00+00:00
[2021-08-16 15:29:31,255] {scheduler_job.py:190} INFO - Processing /home/airflow/.local/lib/python3.6/site-packages/airflow/example_dags/example_bash_operator.py took 0.154 seconds
[2021-08-16 15:30:01,950] {scheduler_job.py:182} INFO - Started process (PID=84) to work on /home/airflow/.local/lib/python3.6/site-packages/airflow/example_dags/example_bash_operator.py
[2021-08-16 15:30:01,950] {scheduler_job.py:629} INFO - Processing file /home/airflow/.local/lib/python3.6/site-packages/airflow/example_dags/example_bash_operator.py for tasks to queue
[2021-08-16 15:30:01,951] {logging_mixin.py:104} INFO - [2021-08-16 15:30:01,951] {dagbag.py:448} INFO - Filling up the DagBag from /home/airflow/.local/lib/python3.6/site-packages/airflow/example_dags/example_bash_operator.py
[2021-08-16 15:30:01,959] {scheduler_job.py:639} INFO - DAG(s) dict_keys(['example_bash_operator']) retrieved from /home/airflow/.local/lib/python3.6/site-packages/airflow/example_dags/example_bash_operator.py
[2021-08-16 15:30:01,972] {logging_mixin.py:104} INFO - [2021-08-16 15:30:01,972] {dag.py:1818} INFO - Sync 1 DAGs
[2021-08-16 15:30:01,985] {logging_mixin.py:104} INFO - [2021-08-16 15:30:01,985] {dag.py:2273} INFO - Setting next_dagrun for example_bash_operator to 2021-08-14 00:00:00+00:00
[2021-08-16 15:30:01,992] {scheduler_job.py:190} INFO - Processing /home/airflow/.local/lib/python3.6/site-packages/airflow/example_dags/example_bash_operator.py took 0.044 seconds
[2021-08-16 15:30:32,298] {scheduler_job.py:182} INFO - Started process (PID=115) to work on /home/airflow/.local/lib/python3.6/site-packages/airflow/example_dags/example_bash_operator.py
[2021-08-16 15:30:32,311] {scheduler_job.py:629} INFO - Processing file /home/airflow/.local/lib/python3.6/site-packages/airflow/example_dags/example_bash_operator.py for tasks to queue
[2021-08-16 15:30:32,312] {logging_mixin.py:104} INFO - [2021-08-16 15:30:32,312] {dagbag.py:448} INFO - Filling up the DagBag from /home/airflow/.local/lib/python3.6/site-packages/airflow/example_dags/example_bash_operator.py
[2021-08-16 15:30:32,321] {scheduler_job.py:639} INFO - DAG(s) dict_keys(['example_bash_operator']) retrieved from /home/airflow/.local/lib/python3.6/site-packages/airflow/example_dags/example_bash_operator.py
[2021-08-16 15:30:32,347] {logging_mixin.py:104} INFO - [2021-08-16 15:30:32,347] {dag.py:1818} INFO - Sync 1 DAGs
[2021-08-16 15:30:32,362] {logging_mixin.py:104} INFO - [2021-08-16 15:30:32,362] {dag.py:2273} INFO - Setting next_dagrun for example_bash_operator to 2021-08-14 00:00:00+00:00
[2021-08-16 15:30:32,379] {scheduler_job.py:190} INFO - Processing /home/airflow/.local/lib/python3.6/site-packages/airflow/example_dags/example_bash_operator.py took 0.083 seconds
[2021-08-16 15:31:02,807] {scheduler_job.py:182} INFO - Started process (PID=146) to work on /home/airflow/.local/lib/python3.6/site-packages/airflow/example_dags/example_bash_operator.py
[2021-08-16 15:31:02,808] {scheduler_job.py:629} INFO - Processing file /home/airflow/.local/lib/python3.6/site-packages/airflow/example_dags/example_bash_operator.py for tasks to queue
[2021-08-16 15:31:02,809] {logging_mixin.py:104} INFO - [2021-08-16 15:31:02,809] {dagbag.py:448} INFO - Filling up the DagBag from /home/airflow/.local/lib/python3.6/site-packages/airflow/example_dags/example_bash_operator.py
[2021-08-16 15:31:02,816] {scheduler_job.py:639} INFO - DAG(s) dict_keys(['example_bash_operator']) retrieved from /home/airflow/.local/lib/python3.6/site-packages/airflow/example_dags/example_bash_operator.py
[2021-08-16 15:31:02,830] {logging_mixin.py:104} INFO - [2021-08-16 15:31:02,830] {dag.py:1818} INFO - Sync 1 DAGs
[2021-08-16 15:31:02,843] {logging_mixin.py:104} INFO - [2021-08-16 15:31:02,843] {dag.py:2273} INFO - Setting next_dagrun for example_bash_operator to 2021-08-14 00:00:00+00:00
[2021-08-16 15:31:02,850] {scheduler_job.py:190} INFO - Processing /home/airflow/.local/lib/python3.6/site-packages/airflow/example_dags/example_bash_operator.py took 0.045 seconds
[2021-08-16 15:31:33,030] {scheduler_job.py:182} INFO - Started process (PID=177) to work on /home/airflow/.local/lib/python3.6/site-packages/airflow/example_dags/example_bash_operator.py
[2021-08-16 15:31:33,031] {scheduler_job.py:629} INFO - Processing file /home/airflow/.local/lib/python3.6/site-packages/airflow/example_dags/example_bash_operator.py for tasks to queue
[2021-08-16 15:31:33,032] {logging_mixin.py:104} INFO - [2021-08-16 15:31:33,032] {dagbag.py:448} INFO - Filling up the DagBag from /home/airflow/.local/lib/python3.6/site-packages/airflow/example_dags/example_bash_operator.py
[2021-08-16 15:31:33,040] {scheduler_job.py:639} INFO - DAG(s) dict_keys(['example_bash_operator']) retrieved from /home/airflow/.local/lib/python3.6/site-packages/airflow/example_dags/example_bash_operator.py
[2021-08-16 15:31:33,053] {logging_mixin.py:104} INFO - [2021-08-16 15:31:33,052] {dag.py:1818} INFO - Sync 1 DAGs
[2021-08-16 15:31:33,066] {logging_mixin.py:104} INFO - [2021-08-16 15:31:33,066] {dag.py:2273} INFO - Setting next_dagrun for example_bash_operator to 2021-08-14 00:00:00+00:00
[2021-08-16 15:31:33,074] {scheduler_job.py:190} INFO - Processing /home/airflow/.local/lib/python3.6/site-packages/airflow/example_dags/example_bash_operator.py took 0.046 seconds
