[2021-08-16 15:29:00,774] {scheduler_job.py:182} INFO - Started process (PID=20) to work on /home/airflow/.local/lib/python3.6/site-packages/airflow/example_dags/example_external_task_marker_dag.py
[2021-08-16 15:29:00,775] {scheduler_job.py:629} INFO - Processing file /home/airflow/.local/lib/python3.6/site-packages/airflow/example_dags/example_external_task_marker_dag.py for tasks to queue
[2021-08-16 15:29:00,784] {logging_mixin.py:104} INFO - [2021-08-16 15:29:00,784] {dagbag.py:448} INFO - Filling up the DagBag from /home/airflow/.local/lib/python3.6/site-packages/airflow/example_dags/example_external_task_marker_dag.py
[2021-08-16 15:29:00,850] {scheduler_job.py:639} INFO - DAG(s) dict_keys(['example_external_task_marker_parent', 'example_external_task_marker_child']) retrieved from /home/airflow/.local/lib/python3.6/site-packages/airflow/example_dags/example_external_task_marker_dag.py
[2021-08-16 15:29:00,905] {logging_mixin.py:104} INFO - [2021-08-16 15:29:00,905] {dag.py:1818} INFO - Sync 2 DAGs
[2021-08-16 15:29:00,926] {logging_mixin.py:104} INFO - [2021-08-16 15:29:00,926] {dag.py:1837} INFO - Creating ORM DAG for example_external_task_marker_parent
[2021-08-16 15:29:00,929] {logging_mixin.py:104} INFO - [2021-08-16 15:29:00,928] {dag.py:1837} INFO - Creating ORM DAG for example_external_task_marker_child
[2021-08-16 15:29:00,941] {logging_mixin.py:104} INFO - [2021-08-16 15:29:00,941] {dag.py:2273} INFO - Setting next_dagrun for example_external_task_marker_child to None
[2021-08-16 15:29:00,942] {logging_mixin.py:104} INFO - [2021-08-16 15:29:00,942] {dag.py:2273} INFO - Setting next_dagrun for example_external_task_marker_parent to None
[2021-08-16 15:29:00,968] {scheduler_job.py:190} INFO - Processing /home/airflow/.local/lib/python3.6/site-packages/airflow/example_dags/example_external_task_marker_dag.py took 0.196 seconds
[2021-08-16 15:29:31,108] {scheduler_job.py:182} INFO - Started process (PID=51) to work on /home/airflow/.local/lib/python3.6/site-packages/airflow/example_dags/example_external_task_marker_dag.py
[2021-08-16 15:29:31,112] {scheduler_job.py:629} INFO - Processing file /home/airflow/.local/lib/python3.6/site-packages/airflow/example_dags/example_external_task_marker_dag.py for tasks to queue
[2021-08-16 15:29:31,114] {logging_mixin.py:104} INFO - [2021-08-16 15:29:31,114] {dagbag.py:448} INFO - Filling up the DagBag from /home/airflow/.local/lib/python3.6/site-packages/airflow/example_dags/example_external_task_marker_dag.py
[2021-08-16 15:29:31,151] {scheduler_job.py:639} INFO - DAG(s) dict_keys(['example_external_task_marker_parent', 'example_external_task_marker_child']) retrieved from /home/airflow/.local/lib/python3.6/site-packages/airflow/example_dags/example_external_task_marker_dag.py
[2021-08-16 15:29:31,198] {logging_mixin.py:104} INFO - [2021-08-16 15:29:31,198] {dag.py:1818} INFO - Sync 2 DAGs
[2021-08-16 15:29:31,220] {logging_mixin.py:104} INFO - [2021-08-16 15:29:31,220] {dag.py:2273} INFO - Setting next_dagrun for example_external_task_marker_child to None
[2021-08-16 15:29:31,236] {logging_mixin.py:104} INFO - [2021-08-16 15:29:31,236] {dag.py:2273} INFO - Setting next_dagrun for example_external_task_marker_parent to None
[2021-08-16 15:29:31,259] {scheduler_job.py:190} INFO - Processing /home/airflow/.local/lib/python3.6/site-packages/airflow/example_dags/example_external_task_marker_dag.py took 0.156 seconds
[2021-08-16 15:30:01,874] {scheduler_job.py:182} INFO - Started process (PID=82) to work on /home/airflow/.local/lib/python3.6/site-packages/airflow/example_dags/example_external_task_marker_dag.py
[2021-08-16 15:30:01,875] {scheduler_job.py:629} INFO - Processing file /home/airflow/.local/lib/python3.6/site-packages/airflow/example_dags/example_external_task_marker_dag.py for tasks to queue
[2021-08-16 15:30:01,876] {logging_mixin.py:104} INFO - [2021-08-16 15:30:01,876] {dagbag.py:448} INFO - Filling up the DagBag from /home/airflow/.local/lib/python3.6/site-packages/airflow/example_dags/example_external_task_marker_dag.py
[2021-08-16 15:30:01,888] {scheduler_job.py:639} INFO - DAG(s) dict_keys(['example_external_task_marker_parent', 'example_external_task_marker_child']) retrieved from /home/airflow/.local/lib/python3.6/site-packages/airflow/example_dags/example_external_task_marker_dag.py
[2021-08-16 15:30:01,907] {logging_mixin.py:104} INFO - [2021-08-16 15:30:01,907] {dag.py:1818} INFO - Sync 2 DAGs
[2021-08-16 15:30:01,917] {logging_mixin.py:104} INFO - [2021-08-16 15:30:01,917] {dag.py:2273} INFO - Setting next_dagrun for example_external_task_marker_child to None
[2021-08-16 15:30:01,918] {logging_mixin.py:104} INFO - [2021-08-16 15:30:01,918] {dag.py:2273} INFO - Setting next_dagrun for example_external_task_marker_parent to None
[2021-08-16 15:30:01,925] {scheduler_job.py:190} INFO - Processing /home/airflow/.local/lib/python3.6/site-packages/airflow/example_dags/example_external_task_marker_dag.py took 0.052 seconds
[2021-08-16 15:30:32,211] {scheduler_job.py:182} INFO - Started process (PID=113) to work on /home/airflow/.local/lib/python3.6/site-packages/airflow/example_dags/example_external_task_marker_dag.py
[2021-08-16 15:30:32,214] {scheduler_job.py:629} INFO - Processing file /home/airflow/.local/lib/python3.6/site-packages/airflow/example_dags/example_external_task_marker_dag.py for tasks to queue
[2021-08-16 15:30:32,215] {logging_mixin.py:104} INFO - [2021-08-16 15:30:32,215] {dagbag.py:448} INFO - Filling up the DagBag from /home/airflow/.local/lib/python3.6/site-packages/airflow/example_dags/example_external_task_marker_dag.py
[2021-08-16 15:30:32,226] {scheduler_job.py:639} INFO - DAG(s) dict_keys(['example_external_task_marker_parent', 'example_external_task_marker_child']) retrieved from /home/airflow/.local/lib/python3.6/site-packages/airflow/example_dags/example_external_task_marker_dag.py
[2021-08-16 15:30:32,256] {logging_mixin.py:104} INFO - [2021-08-16 15:30:32,256] {dag.py:1818} INFO - Sync 2 DAGs
[2021-08-16 15:30:32,268] {logging_mixin.py:104} INFO - [2021-08-16 15:30:32,268] {dag.py:2273} INFO - Setting next_dagrun for example_external_task_marker_child to None
[2021-08-16 15:30:32,270] {logging_mixin.py:104} INFO - [2021-08-16 15:30:32,269] {dag.py:2273} INFO - Setting next_dagrun for example_external_task_marker_parent to None
[2021-08-16 15:30:32,278] {scheduler_job.py:190} INFO - Processing /home/airflow/.local/lib/python3.6/site-packages/airflow/example_dags/example_external_task_marker_dag.py took 0.069 seconds
[2021-08-16 15:31:02,745] {scheduler_job.py:182} INFO - Started process (PID=144) to work on /home/airflow/.local/lib/python3.6/site-packages/airflow/example_dags/example_external_task_marker_dag.py
[2021-08-16 15:31:02,746] {scheduler_job.py:629} INFO - Processing file /home/airflow/.local/lib/python3.6/site-packages/airflow/example_dags/example_external_task_marker_dag.py for tasks to queue
[2021-08-16 15:31:02,746] {logging_mixin.py:104} INFO - [2021-08-16 15:31:02,746] {dagbag.py:448} INFO - Filling up the DagBag from /home/airflow/.local/lib/python3.6/site-packages/airflow/example_dags/example_external_task_marker_dag.py
[2021-08-16 15:31:02,757] {scheduler_job.py:639} INFO - DAG(s) dict_keys(['example_external_task_marker_parent', 'example_external_task_marker_child']) retrieved from /home/airflow/.local/lib/python3.6/site-packages/airflow/example_dags/example_external_task_marker_dag.py
[2021-08-16 15:31:02,771] {logging_mixin.py:104} INFO - [2021-08-16 15:31:02,770] {dag.py:1818} INFO - Sync 2 DAGs
[2021-08-16 15:31:02,779] {logging_mixin.py:104} INFO - [2021-08-16 15:31:02,779] {dag.py:2273} INFO - Setting next_dagrun for example_external_task_marker_child to None
[2021-08-16 15:31:02,783] {logging_mixin.py:104} INFO - [2021-08-16 15:31:02,783] {dag.py:2273} INFO - Setting next_dagrun for example_external_task_marker_parent to None
[2021-08-16 15:31:02,791] {scheduler_job.py:190} INFO - Processing /home/airflow/.local/lib/python3.6/site-packages/airflow/example_dags/example_external_task_marker_dag.py took 0.048 seconds
[2021-08-16 15:31:32,948] {scheduler_job.py:182} INFO - Started process (PID=175) to work on /home/airflow/.local/lib/python3.6/site-packages/airflow/example_dags/example_external_task_marker_dag.py
[2021-08-16 15:31:32,949] {scheduler_job.py:629} INFO - Processing file /home/airflow/.local/lib/python3.6/site-packages/airflow/example_dags/example_external_task_marker_dag.py for tasks to queue
[2021-08-16 15:31:32,949] {logging_mixin.py:104} INFO - [2021-08-16 15:31:32,949] {dagbag.py:448} INFO - Filling up the DagBag from /home/airflow/.local/lib/python3.6/site-packages/airflow/example_dags/example_external_task_marker_dag.py
[2021-08-16 15:31:32,964] {scheduler_job.py:639} INFO - DAG(s) dict_keys(['example_external_task_marker_parent', 'example_external_task_marker_child']) retrieved from /home/airflow/.local/lib/python3.6/site-packages/airflow/example_dags/example_external_task_marker_dag.py
[2021-08-16 15:31:32,982] {logging_mixin.py:104} INFO - [2021-08-16 15:31:32,982] {dag.py:1818} INFO - Sync 2 DAGs
[2021-08-16 15:31:32,994] {logging_mixin.py:104} INFO - [2021-08-16 15:31:32,993] {dag.py:2273} INFO - Setting next_dagrun for example_external_task_marker_child to None
[2021-08-16 15:31:32,995] {logging_mixin.py:104} INFO - [2021-08-16 15:31:32,995] {dag.py:2273} INFO - Setting next_dagrun for example_external_task_marker_parent to None
[2021-08-16 15:31:33,008] {scheduler_job.py:190} INFO - Processing /home/airflow/.local/lib/python3.6/site-packages/airflow/example_dags/example_external_task_marker_dag.py took 0.063 seconds
