[2021-08-16 15:29:02,382] {scheduler_job.py:182} INFO - Started process (PID=32) to work on /home/airflow/.local/lib/python3.6/site-packages/airflow/example_dags/example_branch_python_dop_operator_3.py
[2021-08-16 15:29:02,383] {scheduler_job.py:629} INFO - Processing file /home/airflow/.local/lib/python3.6/site-packages/airflow/example_dags/example_branch_python_dop_operator_3.py for tasks to queue
[2021-08-16 15:29:02,384] {logging_mixin.py:104} INFO - [2021-08-16 15:29:02,384] {dagbag.py:448} INFO - Filling up the DagBag from /home/airflow/.local/lib/python3.6/site-packages/airflow/example_dags/example_branch_python_dop_operator_3.py
[2021-08-16 15:29:02,394] {scheduler_job.py:639} INFO - DAG(s) dict_keys(['example_branch_dop_operator_v3']) retrieved from /home/airflow/.local/lib/python3.6/site-packages/airflow/example_dags/example_branch_python_dop_operator_3.py
[2021-08-16 15:29:02,415] {logging_mixin.py:104} INFO - [2021-08-16 15:29:02,415] {dag.py:1818} INFO - Sync 1 DAGs
[2021-08-16 15:29:02,425] {logging_mixin.py:104} INFO - [2021-08-16 15:29:02,425] {dag.py:1837} INFO - Creating ORM DAG for example_branch_dop_operator_v3
[2021-08-16 15:29:02,444] {logging_mixin.py:104} INFO - [2021-08-16 15:29:02,444] {dag.py:2273} INFO - Setting next_dagrun for example_branch_dop_operator_v3 to 2021-08-14 00:00:00+00:00
[2021-08-16 15:29:02,456] {scheduler_job.py:190} INFO - Processing /home/airflow/.local/lib/python3.6/site-packages/airflow/example_dags/example_branch_python_dop_operator_3.py took 0.078 seconds
[2021-08-16 15:29:32,820] {scheduler_job.py:182} INFO - Started process (PID=63) to work on /home/airflow/.local/lib/python3.6/site-packages/airflow/example_dags/example_branch_python_dop_operator_3.py
[2021-08-16 15:29:32,822] {scheduler_job.py:629} INFO - Processing file /home/airflow/.local/lib/python3.6/site-packages/airflow/example_dags/example_branch_python_dop_operator_3.py for tasks to queue
[2021-08-16 15:29:32,822] {logging_mixin.py:104} INFO - [2021-08-16 15:29:32,822] {dagbag.py:448} INFO - Filling up the DagBag from /home/airflow/.local/lib/python3.6/site-packages/airflow/example_dags/example_branch_python_dop_operator_3.py
[2021-08-16 15:29:32,832] {scheduler_job.py:639} INFO - DAG(s) dict_keys(['example_branch_dop_operator_v3']) retrieved from /home/airflow/.local/lib/python3.6/site-packages/airflow/example_dags/example_branch_python_dop_operator_3.py
[2021-08-16 15:29:32,846] {logging_mixin.py:104} INFO - [2021-08-16 15:29:32,846] {dag.py:1818} INFO - Sync 1 DAGs
[2021-08-16 15:29:32,867] {logging_mixin.py:104} INFO - [2021-08-16 15:29:32,866] {dag.py:2273} INFO - Setting next_dagrun for example_branch_dop_operator_v3 to 2021-08-14 00:00:00+00:00
[2021-08-16 15:29:32,878] {scheduler_job.py:190} INFO - Processing /home/airflow/.local/lib/python3.6/site-packages/airflow/example_dags/example_branch_python_dop_operator_3.py took 0.060 seconds
[2021-08-16 15:30:03,266] {scheduler_job.py:182} INFO - Started process (PID=93) to work on /home/airflow/.local/lib/python3.6/site-packages/airflow/example_dags/example_branch_python_dop_operator_3.py
[2021-08-16 15:30:03,267] {scheduler_job.py:629} INFO - Processing file /home/airflow/.local/lib/python3.6/site-packages/airflow/example_dags/example_branch_python_dop_operator_3.py for tasks to queue
[2021-08-16 15:30:03,268] {logging_mixin.py:104} INFO - [2021-08-16 15:30:03,268] {dagbag.py:448} INFO - Filling up the DagBag from /home/airflow/.local/lib/python3.6/site-packages/airflow/example_dags/example_branch_python_dop_operator_3.py
[2021-08-16 15:30:03,277] {scheduler_job.py:639} INFO - DAG(s) dict_keys(['example_branch_dop_operator_v3']) retrieved from /home/airflow/.local/lib/python3.6/site-packages/airflow/example_dags/example_branch_python_dop_operator_3.py
[2021-08-16 15:30:03,290] {logging_mixin.py:104} INFO - [2021-08-16 15:30:03,290] {dag.py:1818} INFO - Sync 1 DAGs
[2021-08-16 15:30:03,308] {logging_mixin.py:104} INFO - [2021-08-16 15:30:03,308] {dag.py:2273} INFO - Setting next_dagrun for example_branch_dop_operator_v3 to 2021-08-14 00:00:00+00:00
[2021-08-16 15:30:03,318] {scheduler_job.py:190} INFO - Processing /home/airflow/.local/lib/python3.6/site-packages/airflow/example_dags/example_branch_python_dop_operator_3.py took 0.054 seconds
[2021-08-16 15:30:33,795] {scheduler_job.py:182} INFO - Started process (PID=124) to work on /home/airflow/.local/lib/python3.6/site-packages/airflow/example_dags/example_branch_python_dop_operator_3.py
[2021-08-16 15:30:33,796] {scheduler_job.py:629} INFO - Processing file /home/airflow/.local/lib/python3.6/site-packages/airflow/example_dags/example_branch_python_dop_operator_3.py for tasks to queue
[2021-08-16 15:30:33,797] {logging_mixin.py:104} INFO - [2021-08-16 15:30:33,797] {dagbag.py:448} INFO - Filling up the DagBag from /home/airflow/.local/lib/python3.6/site-packages/airflow/example_dags/example_branch_python_dop_operator_3.py
[2021-08-16 15:30:33,806] {scheduler_job.py:639} INFO - DAG(s) dict_keys(['example_branch_dop_operator_v3']) retrieved from /home/airflow/.local/lib/python3.6/site-packages/airflow/example_dags/example_branch_python_dop_operator_3.py
[2021-08-16 15:30:33,823] {logging_mixin.py:104} INFO - [2021-08-16 15:30:33,823] {dag.py:1818} INFO - Sync 1 DAGs
[2021-08-16 15:30:33,844] {logging_mixin.py:104} INFO - [2021-08-16 15:30:33,844] {dag.py:2273} INFO - Setting next_dagrun for example_branch_dop_operator_v3 to 2021-08-14 00:00:00+00:00
[2021-08-16 15:30:33,858] {scheduler_job.py:190} INFO - Processing /home/airflow/.local/lib/python3.6/site-packages/airflow/example_dags/example_branch_python_dop_operator_3.py took 0.065 seconds
[2021-08-16 15:31:04,183] {scheduler_job.py:182} INFO - Started process (PID=157) to work on /home/airflow/.local/lib/python3.6/site-packages/airflow/example_dags/example_branch_python_dop_operator_3.py
[2021-08-16 15:31:04,184] {scheduler_job.py:629} INFO - Processing file /home/airflow/.local/lib/python3.6/site-packages/airflow/example_dags/example_branch_python_dop_operator_3.py for tasks to queue
[2021-08-16 15:31:04,185] {logging_mixin.py:104} INFO - [2021-08-16 15:31:04,185] {dagbag.py:448} INFO - Filling up the DagBag from /home/airflow/.local/lib/python3.6/site-packages/airflow/example_dags/example_branch_python_dop_operator_3.py
[2021-08-16 15:31:04,194] {scheduler_job.py:639} INFO - DAG(s) dict_keys(['example_branch_dop_operator_v3']) retrieved from /home/airflow/.local/lib/python3.6/site-packages/airflow/example_dags/example_branch_python_dop_operator_3.py
[2021-08-16 15:31:04,205] {logging_mixin.py:104} INFO - [2021-08-16 15:31:04,205] {dag.py:1818} INFO - Sync 1 DAGs
[2021-08-16 15:31:04,224] {logging_mixin.py:104} INFO - [2021-08-16 15:31:04,224] {dag.py:2273} INFO - Setting next_dagrun for example_branch_dop_operator_v3 to 2021-08-14 00:00:00+00:00
[2021-08-16 15:31:04,230] {scheduler_job.py:190} INFO - Processing /home/airflow/.local/lib/python3.6/site-packages/airflow/example_dags/example_branch_python_dop_operator_3.py took 0.049 seconds
[2021-08-16 15:31:34,402] {scheduler_job.py:182} INFO - Started process (PID=187) to work on /home/airflow/.local/lib/python3.6/site-packages/airflow/example_dags/example_branch_python_dop_operator_3.py
[2021-08-16 15:31:34,404] {scheduler_job.py:629} INFO - Processing file /home/airflow/.local/lib/python3.6/site-packages/airflow/example_dags/example_branch_python_dop_operator_3.py for tasks to queue
[2021-08-16 15:31:34,405] {logging_mixin.py:104} INFO - [2021-08-16 15:31:34,405] {dagbag.py:448} INFO - Filling up the DagBag from /home/airflow/.local/lib/python3.6/site-packages/airflow/example_dags/example_branch_python_dop_operator_3.py
[2021-08-16 15:31:34,415] {scheduler_job.py:639} INFO - DAG(s) dict_keys(['example_branch_dop_operator_v3']) retrieved from /home/airflow/.local/lib/python3.6/site-packages/airflow/example_dags/example_branch_python_dop_operator_3.py
[2021-08-16 15:31:34,428] {logging_mixin.py:104} INFO - [2021-08-16 15:31:34,428] {dag.py:1818} INFO - Sync 1 DAGs
[2021-08-16 15:31:34,446] {logging_mixin.py:104} INFO - [2021-08-16 15:31:34,446] {dag.py:2273} INFO - Setting next_dagrun for example_branch_dop_operator_v3 to 2021-08-14 00:00:00+00:00
[2021-08-16 15:31:34,455] {scheduler_job.py:190} INFO - Processing /home/airflow/.local/lib/python3.6/site-packages/airflow/example_dags/example_branch_python_dop_operator_3.py took 0.062 seconds
