[2021-08-16 15:29:02,589] {scheduler_job.py:182} INFO - Started process (PID=34) to work on /home/airflow/.local/lib/python3.6/site-packages/airflow/example_dags/example_kubernetes_executor.py
[2021-08-16 15:29:02,590] {scheduler_job.py:629} INFO - Processing file /home/airflow/.local/lib/python3.6/site-packages/airflow/example_dags/example_kubernetes_executor.py for tasks to queue
[2021-08-16 15:29:02,591] {logging_mixin.py:104} INFO - [2021-08-16 15:29:02,591] {dagbag.py:448} INFO - Filling up the DagBag from /home/airflow/.local/lib/python3.6/site-packages/airflow/example_dags/example_kubernetes_executor.py
[2021-08-16 15:29:02,609] {scheduler_job.py:639} INFO - DAG(s) dict_keys(['example_kubernetes_executor']) retrieved from /home/airflow/.local/lib/python3.6/site-packages/airflow/example_dags/example_kubernetes_executor.py
[2021-08-16 15:29:02,641] {logging_mixin.py:104} INFO - [2021-08-16 15:29:02,641] {dag.py:1818} INFO - Sync 1 DAGs
[2021-08-16 15:29:02,656] {logging_mixin.py:104} INFO - [2021-08-16 15:29:02,656] {dag.py:1837} INFO - Creating ORM DAG for example_kubernetes_executor
[2021-08-16 15:29:02,684] {logging_mixin.py:104} INFO - [2021-08-16 15:29:02,684] {dag.py:2273} INFO - Setting next_dagrun for example_kubernetes_executor to None
[2021-08-16 15:29:02,718] {scheduler_job.py:190} INFO - Processing /home/airflow/.local/lib/python3.6/site-packages/airflow/example_dags/example_kubernetes_executor.py took 0.132 seconds
[2021-08-16 15:29:32,963] {scheduler_job.py:182} INFO - Started process (PID=65) to work on /home/airflow/.local/lib/python3.6/site-packages/airflow/example_dags/example_kubernetes_executor.py
[2021-08-16 15:29:32,964] {scheduler_job.py:629} INFO - Processing file /home/airflow/.local/lib/python3.6/site-packages/airflow/example_dags/example_kubernetes_executor.py for tasks to queue
[2021-08-16 15:29:32,964] {logging_mixin.py:104} INFO - [2021-08-16 15:29:32,964] {dagbag.py:448} INFO - Filling up the DagBag from /home/airflow/.local/lib/python3.6/site-packages/airflow/example_dags/example_kubernetes_executor.py
[2021-08-16 15:29:32,974] {scheduler_job.py:639} INFO - DAG(s) dict_keys(['example_kubernetes_executor']) retrieved from /home/airflow/.local/lib/python3.6/site-packages/airflow/example_dags/example_kubernetes_executor.py
[2021-08-16 15:29:32,989] {logging_mixin.py:104} INFO - [2021-08-16 15:29:32,989] {dag.py:1818} INFO - Sync 1 DAGs
[2021-08-16 15:29:33,000] {logging_mixin.py:104} INFO - [2021-08-16 15:29:33,000] {dag.py:2273} INFO - Setting next_dagrun for example_kubernetes_executor to None
[2021-08-16 15:29:33,008] {scheduler_job.py:190} INFO - Processing /home/airflow/.local/lib/python3.6/site-packages/airflow/example_dags/example_kubernetes_executor.py took 0.047 seconds
[2021-08-16 15:30:03,402] {scheduler_job.py:182} INFO - Started process (PID=97) to work on /home/airflow/.local/lib/python3.6/site-packages/airflow/example_dags/example_kubernetes_executor.py
[2021-08-16 15:30:03,403] {scheduler_job.py:629} INFO - Processing file /home/airflow/.local/lib/python3.6/site-packages/airflow/example_dags/example_kubernetes_executor.py for tasks to queue
[2021-08-16 15:30:03,404] {logging_mixin.py:104} INFO - [2021-08-16 15:30:03,404] {dagbag.py:448} INFO - Filling up the DagBag from /home/airflow/.local/lib/python3.6/site-packages/airflow/example_dags/example_kubernetes_executor.py
[2021-08-16 15:30:03,413] {scheduler_job.py:639} INFO - DAG(s) dict_keys(['example_kubernetes_executor']) retrieved from /home/airflow/.local/lib/python3.6/site-packages/airflow/example_dags/example_kubernetes_executor.py
[2021-08-16 15:30:03,424] {logging_mixin.py:104} INFO - [2021-08-16 15:30:03,424] {dag.py:1818} INFO - Sync 1 DAGs
[2021-08-16 15:30:03,432] {logging_mixin.py:104} INFO - [2021-08-16 15:30:03,432] {dag.py:2273} INFO - Setting next_dagrun for example_kubernetes_executor to None
[2021-08-16 15:30:03,439] {scheduler_job.py:190} INFO - Processing /home/airflow/.local/lib/python3.6/site-packages/airflow/example_dags/example_kubernetes_executor.py took 0.038 seconds
[2021-08-16 15:30:34,135] {scheduler_job.py:182} INFO - Started process (PID=131) to work on /home/airflow/.local/lib/python3.6/site-packages/airflow/example_dags/example_kubernetes_executor.py
[2021-08-16 15:30:34,136] {scheduler_job.py:629} INFO - Processing file /home/airflow/.local/lib/python3.6/site-packages/airflow/example_dags/example_kubernetes_executor.py for tasks to queue
[2021-08-16 15:30:34,137] {logging_mixin.py:104} INFO - [2021-08-16 15:30:34,137] {dagbag.py:448} INFO - Filling up the DagBag from /home/airflow/.local/lib/python3.6/site-packages/airflow/example_dags/example_kubernetes_executor.py
[2021-08-16 15:30:34,149] {scheduler_job.py:639} INFO - DAG(s) dict_keys(['example_kubernetes_executor']) retrieved from /home/airflow/.local/lib/python3.6/site-packages/airflow/example_dags/example_kubernetes_executor.py
[2021-08-16 15:30:34,168] {logging_mixin.py:104} INFO - [2021-08-16 15:30:34,168] {dag.py:1818} INFO - Sync 1 DAGs
[2021-08-16 15:30:34,181] {logging_mixin.py:104} INFO - [2021-08-16 15:30:34,181] {dag.py:2273} INFO - Setting next_dagrun for example_kubernetes_executor to None
[2021-08-16 15:30:34,190] {scheduler_job.py:190} INFO - Processing /home/airflow/.local/lib/python3.6/site-packages/airflow/example_dags/example_kubernetes_executor.py took 0.057 seconds
[2021-08-16 15:31:04,419] {scheduler_job.py:182} INFO - Started process (PID=164) to work on /home/airflow/.local/lib/python3.6/site-packages/airflow/example_dags/example_kubernetes_executor.py
[2021-08-16 15:31:04,422] {scheduler_job.py:629} INFO - Processing file /home/airflow/.local/lib/python3.6/site-packages/airflow/example_dags/example_kubernetes_executor.py for tasks to queue
[2021-08-16 15:31:04,423] {logging_mixin.py:104} INFO - [2021-08-16 15:31:04,422] {dagbag.py:448} INFO - Filling up the DagBag from /home/airflow/.local/lib/python3.6/site-packages/airflow/example_dags/example_kubernetes_executor.py
[2021-08-16 15:31:04,431] {scheduler_job.py:639} INFO - DAG(s) dict_keys(['example_kubernetes_executor']) retrieved from /home/airflow/.local/lib/python3.6/site-packages/airflow/example_dags/example_kubernetes_executor.py
[2021-08-16 15:31:04,444] {logging_mixin.py:104} INFO - [2021-08-16 15:31:04,444] {dag.py:1818} INFO - Sync 1 DAGs
[2021-08-16 15:31:04,457] {logging_mixin.py:104} INFO - [2021-08-16 15:31:04,457] {dag.py:2273} INFO - Setting next_dagrun for example_kubernetes_executor to None
[2021-08-16 15:31:04,464] {scheduler_job.py:190} INFO - Processing /home/airflow/.local/lib/python3.6/site-packages/airflow/example_dags/example_kubernetes_executor.py took 0.046 seconds
[2021-08-16 15:31:34,724] {scheduler_job.py:182} INFO - Started process (PID=195) to work on /home/airflow/.local/lib/python3.6/site-packages/airflow/example_dags/example_kubernetes_executor.py
[2021-08-16 15:31:34,725] {scheduler_job.py:629} INFO - Processing file /home/airflow/.local/lib/python3.6/site-packages/airflow/example_dags/example_kubernetes_executor.py for tasks to queue
[2021-08-16 15:31:34,729] {logging_mixin.py:104} INFO - [2021-08-16 15:31:34,726] {dagbag.py:448} INFO - Filling up the DagBag from /home/airflow/.local/lib/python3.6/site-packages/airflow/example_dags/example_kubernetes_executor.py
[2021-08-16 15:31:34,746] {scheduler_job.py:639} INFO - DAG(s) dict_keys(['example_kubernetes_executor']) retrieved from /home/airflow/.local/lib/python3.6/site-packages/airflow/example_dags/example_kubernetes_executor.py
[2021-08-16 15:31:34,759] {logging_mixin.py:104} INFO - [2021-08-16 15:31:34,759] {dag.py:1818} INFO - Sync 1 DAGs
[2021-08-16 15:31:34,768] {logging_mixin.py:104} INFO - [2021-08-16 15:31:34,768] {dag.py:2273} INFO - Setting next_dagrun for example_kubernetes_executor to None
[2021-08-16 15:31:34,774] {scheduler_job.py:190} INFO - Processing /home/airflow/.local/lib/python3.6/site-packages/airflow/example_dags/example_kubernetes_executor.py took 0.051 seconds
