[2021-08-16 15:29:03,477] {scheduler_job.py:182} INFO - Started process (PID=45) to work on /home/airflow/.local/lib/python3.6/site-packages/airflow/example_dags/tutorial_taskflow_api_etl.py
[2021-08-16 15:29:03,480] {scheduler_job.py:629} INFO - Processing file /home/airflow/.local/lib/python3.6/site-packages/airflow/example_dags/tutorial_taskflow_api_etl.py for tasks to queue
[2021-08-16 15:29:03,482] {logging_mixin.py:104} INFO - [2021-08-16 15:29:03,482] {dagbag.py:448} INFO - Filling up the DagBag from /home/airflow/.local/lib/python3.6/site-packages/airflow/example_dags/tutorial_taskflow_api_etl.py
[2021-08-16 15:29:03,501] {scheduler_job.py:639} INFO - DAG(s) dict_keys(['tutorial_taskflow_api_etl']) retrieved from /home/airflow/.local/lib/python3.6/site-packages/airflow/example_dags/tutorial_taskflow_api_etl.py
[2021-08-16 15:29:03,523] {logging_mixin.py:104} INFO - [2021-08-16 15:29:03,523] {dag.py:1818} INFO - Sync 1 DAGs
[2021-08-16 15:29:03,531] {logging_mixin.py:104} INFO - [2021-08-16 15:29:03,531] {dag.py:1837} INFO - Creating ORM DAG for tutorial_taskflow_api_etl
[2021-08-16 15:29:03,539] {logging_mixin.py:104} INFO - [2021-08-16 15:29:03,539] {dag.py:2273} INFO - Setting next_dagrun for tutorial_taskflow_api_etl to None
[2021-08-16 15:29:03,560] {scheduler_job.py:190} INFO - Processing /home/airflow/.local/lib/python3.6/site-packages/airflow/example_dags/tutorial_taskflow_api_etl.py took 0.086 seconds
[2021-08-16 15:29:33,596] {scheduler_job.py:182} INFO - Started process (PID=75) to work on /home/airflow/.local/lib/python3.6/site-packages/airflow/example_dags/tutorial_taskflow_api_etl.py
[2021-08-16 15:29:33,597] {scheduler_job.py:629} INFO - Processing file /home/airflow/.local/lib/python3.6/site-packages/airflow/example_dags/tutorial_taskflow_api_etl.py for tasks to queue
[2021-08-16 15:29:33,598] {logging_mixin.py:104} INFO - [2021-08-16 15:29:33,598] {dagbag.py:448} INFO - Filling up the DagBag from /home/airflow/.local/lib/python3.6/site-packages/airflow/example_dags/tutorial_taskflow_api_etl.py
[2021-08-16 15:29:33,608] {scheduler_job.py:639} INFO - DAG(s) dict_keys(['tutorial_taskflow_api_etl']) retrieved from /home/airflow/.local/lib/python3.6/site-packages/airflow/example_dags/tutorial_taskflow_api_etl.py
[2021-08-16 15:29:33,623] {logging_mixin.py:104} INFO - [2021-08-16 15:29:33,623] {dag.py:1818} INFO - Sync 1 DAGs
[2021-08-16 15:29:33,631] {logging_mixin.py:104} INFO - [2021-08-16 15:29:33,631] {dag.py:2273} INFO - Setting next_dagrun for tutorial_taskflow_api_etl to None
[2021-08-16 15:29:33,638] {scheduler_job.py:190} INFO - Processing /home/airflow/.local/lib/python3.6/site-packages/airflow/example_dags/tutorial_taskflow_api_etl.py took 0.044 seconds
[2021-08-16 15:30:03,919] {scheduler_job.py:182} INFO - Started process (PID=108) to work on /home/airflow/.local/lib/python3.6/site-packages/airflow/example_dags/tutorial_taskflow_api_etl.py
[2021-08-16 15:30:03,919] {scheduler_job.py:629} INFO - Processing file /home/airflow/.local/lib/python3.6/site-packages/airflow/example_dags/tutorial_taskflow_api_etl.py for tasks to queue
[2021-08-16 15:30:03,920] {logging_mixin.py:104} INFO - [2021-08-16 15:30:03,920] {dagbag.py:448} INFO - Filling up the DagBag from /home/airflow/.local/lib/python3.6/site-packages/airflow/example_dags/tutorial_taskflow_api_etl.py
[2021-08-16 15:30:03,928] {scheduler_job.py:639} INFO - DAG(s) dict_keys(['tutorial_taskflow_api_etl']) retrieved from /home/airflow/.local/lib/python3.6/site-packages/airflow/example_dags/tutorial_taskflow_api_etl.py
[2021-08-16 15:30:03,943] {logging_mixin.py:104} INFO - [2021-08-16 15:30:03,943] {dag.py:1818} INFO - Sync 1 DAGs
[2021-08-16 15:30:03,952] {logging_mixin.py:104} INFO - [2021-08-16 15:30:03,952] {dag.py:2273} INFO - Setting next_dagrun for tutorial_taskflow_api_etl to None
[2021-08-16 15:30:03,960] {scheduler_job.py:190} INFO - Processing /home/airflow/.local/lib/python3.6/site-packages/airflow/example_dags/tutorial_taskflow_api_etl.py took 0.043 seconds
[2021-08-16 15:30:34,454] {scheduler_job.py:182} INFO - Started process (PID=139) to work on /home/airflow/.local/lib/python3.6/site-packages/airflow/example_dags/tutorial_taskflow_api_etl.py
[2021-08-16 15:30:34,455] {scheduler_job.py:629} INFO - Processing file /home/airflow/.local/lib/python3.6/site-packages/airflow/example_dags/tutorial_taskflow_api_etl.py for tasks to queue
[2021-08-16 15:30:34,456] {logging_mixin.py:104} INFO - [2021-08-16 15:30:34,456] {dagbag.py:448} INFO - Filling up the DagBag from /home/airflow/.local/lib/python3.6/site-packages/airflow/example_dags/tutorial_taskflow_api_etl.py
[2021-08-16 15:30:34,466] {scheduler_job.py:639} INFO - DAG(s) dict_keys(['tutorial_taskflow_api_etl']) retrieved from /home/airflow/.local/lib/python3.6/site-packages/airflow/example_dags/tutorial_taskflow_api_etl.py
[2021-08-16 15:30:34,480] {logging_mixin.py:104} INFO - [2021-08-16 15:30:34,480] {dag.py:1818} INFO - Sync 1 DAGs
[2021-08-16 15:30:34,491] {logging_mixin.py:104} INFO - [2021-08-16 15:30:34,491] {dag.py:2273} INFO - Setting next_dagrun for tutorial_taskflow_api_etl to None
[2021-08-16 15:30:34,501] {scheduler_job.py:190} INFO - Processing /home/airflow/.local/lib/python3.6/site-packages/airflow/example_dags/tutorial_taskflow_api_etl.py took 0.049 seconds
[2021-08-16 15:31:04,594] {scheduler_job.py:182} INFO - Started process (PID=169) to work on /home/airflow/.local/lib/python3.6/site-packages/airflow/example_dags/tutorial_taskflow_api_etl.py
[2021-08-16 15:31:04,595] {scheduler_job.py:629} INFO - Processing file /home/airflow/.local/lib/python3.6/site-packages/airflow/example_dags/tutorial_taskflow_api_etl.py for tasks to queue
[2021-08-16 15:31:04,597] {logging_mixin.py:104} INFO - [2021-08-16 15:31:04,597] {dagbag.py:448} INFO - Filling up the DagBag from /home/airflow/.local/lib/python3.6/site-packages/airflow/example_dags/tutorial_taskflow_api_etl.py
[2021-08-16 15:31:04,605] {scheduler_job.py:639} INFO - DAG(s) dict_keys(['tutorial_taskflow_api_etl']) retrieved from /home/airflow/.local/lib/python3.6/site-packages/airflow/example_dags/tutorial_taskflow_api_etl.py
[2021-08-16 15:31:04,619] {logging_mixin.py:104} INFO - [2021-08-16 15:31:04,619] {dag.py:1818} INFO - Sync 1 DAGs
[2021-08-16 15:31:04,628] {logging_mixin.py:104} INFO - [2021-08-16 15:31:04,628] {dag.py:2273} INFO - Setting next_dagrun for tutorial_taskflow_api_etl to None
[2021-08-16 15:31:04,636] {scheduler_job.py:190} INFO - Processing /home/airflow/.local/lib/python3.6/site-packages/airflow/example_dags/tutorial_taskflow_api_etl.py took 0.043 seconds
[2021-08-16 15:31:34,797] {scheduler_job.py:182} INFO - Started process (PID=197) to work on /home/airflow/.local/lib/python3.6/site-packages/airflow/example_dags/tutorial_taskflow_api_etl.py
[2021-08-16 15:31:34,799] {scheduler_job.py:629} INFO - Processing file /home/airflow/.local/lib/python3.6/site-packages/airflow/example_dags/tutorial_taskflow_api_etl.py for tasks to queue
[2021-08-16 15:31:34,802] {logging_mixin.py:104} INFO - [2021-08-16 15:31:34,802] {dagbag.py:448} INFO - Filling up the DagBag from /home/airflow/.local/lib/python3.6/site-packages/airflow/example_dags/tutorial_taskflow_api_etl.py
[2021-08-16 15:31:34,814] {scheduler_job.py:639} INFO - DAG(s) dict_keys(['tutorial_taskflow_api_etl']) retrieved from /home/airflow/.local/lib/python3.6/site-packages/airflow/example_dags/tutorial_taskflow_api_etl.py
[2021-08-16 15:31:34,832] {logging_mixin.py:104} INFO - [2021-08-16 15:31:34,832] {dag.py:1818} INFO - Sync 1 DAGs
[2021-08-16 15:31:34,842] {logging_mixin.py:104} INFO - [2021-08-16 15:31:34,842] {dag.py:2273} INFO - Setting next_dagrun for tutorial_taskflow_api_etl to None
[2021-08-16 15:31:34,849] {scheduler_job.py:190} INFO - Processing /home/airflow/.local/lib/python3.6/site-packages/airflow/example_dags/tutorial_taskflow_api_etl.py took 0.057 seconds
